#
# There is insufficient memory for the Java Runtime Environment to continue.
# Native memory allocation (malloc) failed to allocate 1197616 bytes for Chunk::new
# Possible reasons:
#   The system is out of physical RAM or swap space
#   The process is running with CompressedOops enabled, and the Java Heap may be blocking the growth of the native heap
# Possible solutions:
#   Reduce memory load on the system
#   Increase physical memory or swap space
#   Check if swap backing store is full
#   Decrease Java heap size (-Xmx/-Xms)
#   Decrease number of Java threads
#   Decrease Java thread stack sizes (-Xss)
#   Set larger code cache with -XX:ReservedCodeCacheSize=
#   JVM is running with Unscaled Compressed Oops mode in which the Java heap is
#     placed in the first 4GB address space. The Java Heap base address is the
#     maximum limit for the native heap growth. Please use -XX:HeapBaseMinAddress
#     to set the Java Heap base and to place the Java Heap above 4GB virtual address.
# This output file may be truncated or incomplete.
#
#  Out of Memory Error (arena.cpp:189), pid=11572, tid=18496
#
# JRE version: OpenJDK Runtime Environment Temurin-17.0.8.1+1 (17.0.8.1+1) (build 17.0.8.1+1)
# Java VM: OpenJDK 64-Bit Server VM Temurin-17.0.8.1+1 (17.0.8.1+1, mixed mode, tiered, compressed oops, compressed class ptrs, g1 gc, windows-amd64)
# No core dump will be written. Minidumps are not enabled by default on client versions of Windows
#

---------------  S U M M A R Y ------------

Command Line: -XX:+ShowCodeDetailsInExceptionMessages pe.edu.upeu.asistencia.SysAsistenciaAnApplication

Host: Intel(R) Core(TM) i5-10500H CPU @ 2.50GHz, 12 cores, 7G,  Windows 11 , 64 bit Build 22621 (10.0.22621.2215)
Time: Mon Sep 25 05:09:26 2023 Hora est. Pacífico, Sudamérica elapsed time: 42053.298833 seconds (0d 11h 40m 53s)

---------------  T H R E A D  ---------------

Current thread (0x00000203934d8360):  JavaThread "C2 CompilerThread0" daemon [_thread_in_native, id=18496, stack(0x00000021e3500000,0x00000021e3600000)]


Current CompileTask:
C2:42053299 29265       4       com.fasterxml.jackson.databind.introspect.POJOPropertiesCollector::_addFields (566 bytes)

Stack: [0x00000021e3500000,0x00000021e3600000]
Native frames: (J=compiled Java code, j=interpreted, Vv=VM code, C=native code)
V  [jvm.dll+0x678b0a]
V  [jvm.dll+0x835e84]
V  [jvm.dll+0x83762e]
V  [jvm.dll+0x837c93]
V  [jvm.dll+0x24746f]
V  [jvm.dll+0xac20c]
V  [jvm.dll+0xac7dc]
V  [jvm.dll+0x365c52]
V  [jvm.dll+0x1bd012]
V  [jvm.dll+0x219d49]
V  [jvm.dll+0x219011]
V  [jvm.dll+0x1a534d]
V  [jvm.dll+0x228d8a]
V  [jvm.dll+0x226dcc]
V  [jvm.dll+0x7ec09b]
V  [jvm.dll+0x7e64ca]
V  [jvm.dll+0x677955]
C  [ucrtbase.dll+0x29363]
C  [KERNEL32.DLL+0x1257d]
C  [ntdll.dll+0x5aa68]


---------------  P R O C E S S  ---------------

Threads class SMR info:
_java_thread_list=0x0000020393524520, length=40, elements={
0x00000203934a4390, 0x00000203934a5120, 0x00000203934d3a30, 0x00000203934d4500,
0x00000203934d6de0, 0x00000203934d76b0, 0x00000203934d8360, 0x00000203934dad30,
0x00000203934e5660, 0x000002039364fc70, 0x0000020393665830, 0x000002039b834130,
0x0000020398a81da0, 0x000002039e3b4f00, 0x000002039e3b5410, 0x0000020398857010,
0x000002039e3b3ac0, 0x00000203993593e0, 0x000002039935b750, 0x000002039935a820,
0x0000020398a80e70, 0x0000020398a81890, 0x0000020398a7f520, 0x0000020398a7fa30,
0x000002039935bc60, 0x000002039935d5b0, 0x000002039935c170, 0x000002039935d0a0,
0x000002039935dac0, 0x0000020399357a90, 0x000002039935dfd0, 0x0000020399356b60,
0x000002039935e4e0, 0x0000020399357fa0, 0x00000203993584b0, 0x00000203993589c0,
0x0000020399358ed0, 0x00000203993598f0, 0x0000020399359e00, 0x000002039935b240
}

Java Threads: ( => current thread )
  0x00000203934a4390 JavaThread "Reference Handler" daemon [_thread_blocked, id=2440, stack(0x00000021e2f00000,0x00000021e3000000)]
  0x00000203934a5120 JavaThread "Finalizer" daemon [_thread_blocked, id=18584, stack(0x00000021e3000000,0x00000021e3100000)]
  0x00000203934d3a30 JavaThread "Signal Dispatcher" daemon [_thread_blocked, id=2548, stack(0x00000021e3100000,0x00000021e3200000)]
  0x00000203934d4500 JavaThread "Attach Listener" daemon [_thread_blocked, id=13016, stack(0x00000021e3200000,0x00000021e3300000)]
  0x00000203934d6de0 JavaThread "Service Thread" daemon [_thread_blocked, id=4484, stack(0x00000021e3300000,0x00000021e3400000)]
  0x00000203934d76b0 JavaThread "Monitor Deflation Thread" daemon [_thread_blocked, id=14672, stack(0x00000021e3400000,0x00000021e3500000)]
=>0x00000203934d8360 JavaThread "C2 CompilerThread0" daemon [_thread_in_native, id=18496, stack(0x00000021e3500000,0x00000021e3600000)]
  0x00000203934dad30 JavaThread "C1 CompilerThread0" daemon [_thread_blocked, id=9556, stack(0x00000021e3600000,0x00000021e3700000)]
  0x00000203934e5660 JavaThread "Sweeper thread" daemon [_thread_blocked, id=16168, stack(0x00000021e3700000,0x00000021e3800000)]
  0x000002039364fc70 JavaThread "Notification Thread" daemon [_thread_blocked, id=14796, stack(0x00000021e3800000,0x00000021e3900000)]
  0x0000020393665830 JavaThread "Common-Cleaner" daemon [_thread_blocked, id=9740, stack(0x00000021e3a00000,0x00000021e3b00000)]
  0x000002039b834130 JavaThread "mysql-cj-abandoned-connection-cleanup" daemon [_thread_blocked, id=16108, stack(0x00000021e4400000,0x00000021e4500000)]
  0x0000020398a81da0 JavaThread "Live Reload Server" daemon [_thread_in_native, id=2168, stack(0x00000021e5300000,0x00000021e5400000)]
  0x000002039e3b4f00 JavaThread "DestroyJavaVM" [_thread_blocked, id=332, stack(0x00000021e2800000,0x00000021e2900000)]
  0x000002039e3b5410 JavaThread "File Watcher" daemon [_thread_blocked, id=19020, stack(0x00000021e3b00000,0x00000021e3c00000)]
  0x0000020398857010 JavaThread "File Watcher" daemon [_thread_blocked, id=8912, stack(0x00000021e3d00000,0x00000021e3e00000)]
  0x000002039e3b3ac0 JavaThread "File Watcher" daemon [_thread_blocked, id=13452, stack(0x00000021e4300000,0x00000021e4400000)]
  0x00000203993593e0 JavaThread "File Watcher" daemon [_thread_blocked, id=9292, stack(0x00000021e2700000,0x00000021e2800000)]
  0x000002039935b750 JavaThread "File Watcher" daemon [_thread_blocked, id=2908, stack(0x00000021e3c00000,0x00000021e3d00000)]
  0x000002039935a820 JavaThread "File Watcher" daemon [_thread_blocked, id=14220, stack(0x00000021e4b00000,0x00000021e4c00000)]
  0x0000020398a80e70 JavaThread "HikariPool-119 housekeeper" daemon [_thread_blocked, id=6236, stack(0x00000021e4d00000,0x00000021e4e00000)]
  0x0000020398a81890 JavaThread "Catalina-utility-1" [_thread_blocked, id=19436, stack(0x00000021e4e00000,0x00000021e4f00000)]
  0x0000020398a7f520 JavaThread "Catalina-utility-2" [_thread_blocked, id=704, stack(0x00000021e4f00000,0x00000021e5000000)]
  0x0000020398a7fa30 JavaThread "container-6" [_thread_blocked, id=16112, stack(0x00000021e5000000,0x00000021e5100000)]
  0x000002039935bc60 JavaThread "File Watcher" daemon [_thread_blocked, id=6492, stack(0x00000021e5200000,0x00000021e5300000)]
  0x000002039935d5b0 JavaThread "http-nio-8080-exec-1" daemon [_thread_blocked, id=9164, stack(0x00000021e5400000,0x00000021e5500000)]
  0x000002039935c170 JavaThread "http-nio-8080-exec-2" daemon [_thread_blocked, id=13700, stack(0x00000021e5500000,0x00000021e5600000)]
  0x000002039935d0a0 JavaThread "http-nio-8080-exec-3" daemon [_thread_blocked, id=7844, stack(0x00000021e5600000,0x00000021e5700000)]
  0x000002039935dac0 JavaThread "http-nio-8080-exec-4" daemon [_thread_blocked, id=5332, stack(0x00000021e5700000,0x00000021e5800000)]
  0x0000020399357a90 JavaThread "http-nio-8080-exec-5" daemon [_thread_blocked, id=1780, stack(0x00000021e5800000,0x00000021e5900000)]
  0x000002039935dfd0 JavaThread "http-nio-8080-exec-6" daemon [_thread_blocked, id=2308, stack(0x00000021e5900000,0x00000021e5a00000)]
  0x0000020399356b60 JavaThread "http-nio-8080-exec-7" daemon [_thread_blocked, id=7836, stack(0x00000021e5a00000,0x00000021e5b00000)]
  0x000002039935e4e0 JavaThread "http-nio-8080-exec-8" daemon [_thread_blocked, id=7380, stack(0x00000021e5b00000,0x00000021e5c00000)]
  0x0000020399357fa0 JavaThread "http-nio-8080-exec-9" daemon [_thread_blocked, id=19952, stack(0x00000021e5c00000,0x00000021e5d00000)]
  0x00000203993584b0 JavaThread "http-nio-8080-exec-10" daemon [_thread_blocked, id=15892, stack(0x00000021e5d00000,0x00000021e5e00000)]
  0x00000203993589c0 JavaThread "http-nio-8080-Poller" daemon [_thread_in_native, id=8340, stack(0x00000021e5e00000,0x00000021e5f00000)]
  0x0000020399358ed0 JavaThread "http-nio-8080-Acceptor" daemon [_thread_in_native, id=9472, stack(0x00000021e5f00000,0x00000021e6000000)]
  0x00000203993598f0 JavaThread "ForkJoinPool.commonPool-worker-21" daemon [_thread_blocked, id=8184, stack(0x00000021e2500000,0x00000021e2600000)]
  0x0000020399359e00 JavaThread "ForkJoinPool.commonPool-worker-22" daemon [_thread_blocked, id=19332, stack(0x00000021e4c00000,0x00000021e4d00000)]
  0x000002039935b240 JavaThread "ForkJoinPool.commonPool-worker-23" daemon [_thread_blocked, id=19752, stack(0x00000021e5100000,0x00000021e5200000)]

Other Threads:
  0x0000020393476a60 VMThread "VM Thread" [stack: 0x00000021e2e00000,0x00000021e2f00000] [id=14864]
  0x0000020393655790 WatcherThread [stack: 0x00000021e3900000,0x00000021e3a00000] [id=14092]
  0x00000203f9b9d5d0 GCTaskThread "GC Thread#0" [stack: 0x00000021e2900000,0x00000021e2a00000] [id=18220]
  0x0000020398c9dc10 GCTaskThread "GC Thread#1" [stack: 0x00000021e3e00000,0x00000021e3f00000] [id=8248]
  0x0000020398c9d690 GCTaskThread "GC Thread#2" [stack: 0x00000021e3f00000,0x00000021e4000000] [id=12652]
  0x0000020398c9d3d0 GCTaskThread "GC Thread#3" [stack: 0x00000021e4000000,0x00000021e4100000] [id=9684]
  0x0000020398c9cb90 GCTaskThread "GC Thread#4" [stack: 0x00000021e4100000,0x00000021e4200000] [id=18504]
  0x0000020398c9d950 GCTaskThread "GC Thread#5" [stack: 0x00000021e4200000,0x00000021e4300000] [id=9500]
  0x0000020398c9c610 GCTaskThread "GC Thread#6" [stack: 0x00000021e4500000,0x00000021e4600000] [id=9656]
  0x0000020398c9c090 GCTaskThread "GC Thread#7" [stack: 0x00000021e4600000,0x00000021e4700000] [id=5248]
  0x0000020398c9ce50 GCTaskThread "GC Thread#8" [stack: 0x00000021e4700000,0x00000021e4800000] [id=5256]
  0x0000020398c9c350 GCTaskThread "GC Thread#9" [stack: 0x00000021e4800000,0x00000021e4900000] [id=19044]
  0x00000203f9badeb0 ConcurrentGCThread "G1 Main Marker" [stack: 0x00000021e2a00000,0x00000021e2b00000] [id=19140]
  0x00000203f9bae7d0 ConcurrentGCThread "G1 Conc#0" [stack: 0x00000021e2b00000,0x00000021e2c00000] [id=19308]
  0x0000020398c9c8d0 ConcurrentGCThread "G1 Conc#1" [stack: 0x00000021e4900000,0x00000021e4a00000] [id=18304]
  0x0000020398c9d110 ConcurrentGCThread "G1 Conc#2" [stack: 0x00000021e4a00000,0x00000021e4b00000] [id=11396]
  0x00000203f9bdd680 ConcurrentGCThread "G1 Refine#0" [stack: 0x00000021e2c00000,0x00000021e2d00000] [id=10168]
  0x00000203f9bddfc0 ConcurrentGCThread "G1 Service" [stack: 0x00000021e2d00000,0x00000021e2e00000] [id=17996]

Threads with active compile tasks:
C2 CompilerThread0  42053363 29265       4       com.fasterxml.jackson.databind.introspect.POJOPropertiesCollector::_addFields (566 bytes)

VM state: not at safepoint (normal execution)

VM Mutex/Monitor currently owned by a thread: None

Heap address: 0x0000000082c00000, size: 2004 MB, Compressed Oops mode: 32-bit

CDS archive(s) not mapped
Compressed class space mapped at: 0x0000000100000000-0x0000000140000000, reserved size: 1073741824
Narrow klass base: 0x0000000000000000, Narrow klass shift: 3, Narrow klass range: 0x140000000

GC Precious Log:
 CPUs: 12 total, 12 available
 Memory: 8013M
 Large Page Support: Disabled
 NUMA Support: Disabled
 Compressed Oops: Enabled (32-bit)
 Heap Region Size: 1M
 Heap Min Capacity: 8M
 Heap Initial Capacity: 126M
 Heap Max Capacity: 2004M
 Pre-touch: Disabled
 Parallel Workers: 10
 Concurrent Workers: 3
 Concurrent Refinement Workers: 10
 Periodic GC: Disabled

Heap:
 garbage-first heap   total 337920K, used 58283K [0x0000000082c00000, 0x0000000100000000)
  region size 1024K, 19 young (19456K), 1 survivors (1024K)
 Metaspace       used 100049K, committed 116672K, reserved 1245184K
  class space    used 11666K, committed 13504K, reserved 1048576K

Heap Regions: E=young(eden), S=young(survivor), O=old, HS=humongous(starts), HC=humongous(continues), CS=collection set, F=free, OA=open archive, CA=closed archive, TAMS=top-at-mark-start (previous, next)
|   0|0x0000000082c00000, 0x0000000082d00000, 0x0000000082d00000|100%|HS|  |TAMS 0x0000000082d00000, 0x0000000082c00000| Complete 
|   1|0x0000000082d00000, 0x0000000082e00000, 0x0000000082e00000|100%| O|  |TAMS 0x0000000082e00000, 0x0000000082d00000| Untracked 
|   2|0x0000000082e00000, 0x0000000082effff8, 0x0000000082f00000| 99%| O|  |TAMS 0x0000000082effff8, 0x0000000082e00000| Untracked 
|   3|0x0000000082f00000, 0x0000000083000000, 0x0000000083000000|100%| O|  |TAMS 0x0000000083000000, 0x0000000082f00000| Untracked 
|   4|0x0000000083000000, 0x00000000830ffff8, 0x0000000083100000| 99%| O|  |TAMS 0x00000000830ffff8, 0x0000000083000000| Untracked 
|   5|0x0000000083100000, 0x0000000083200000, 0x0000000083200000|100%| O|  |TAMS 0x0000000083200000, 0x0000000083100000| Untracked 
|   6|0x0000000083200000, 0x00000000832ff300, 0x0000000083300000| 99%| O|  |TAMS 0x00000000832ff300, 0x0000000083200000| Untracked 
|   7|0x0000000083300000, 0x00000000833fff58, 0x0000000083400000| 99%| O|  |TAMS 0x00000000833fff58, 0x0000000083300000| Untracked 
|   8|0x0000000083400000, 0x0000000083500000, 0x0000000083500000|100%| O|  |TAMS 0x0000000083500000, 0x0000000083400000| Untracked 
|   9|0x0000000083500000, 0x00000000835ffff0, 0x0000000083600000| 99%| O|  |TAMS 0x00000000835ffff0, 0x0000000083500000| Untracked 
|  10|0x0000000083600000, 0x00000000836fffd8, 0x0000000083700000| 99%| O|  |TAMS 0x00000000836fffd8, 0x0000000083600000| Untracked 
|  11|0x0000000083700000, 0x00000000837fffe8, 0x0000000083800000| 99%| O|  |TAMS 0x00000000837fffe8, 0x0000000083700000| Untracked 
|  12|0x0000000083800000, 0x0000000083900000, 0x0000000083900000|100%| O|  |TAMS 0x0000000083900000, 0x0000000083800000| Untracked 
|  13|0x0000000083900000, 0x00000000839fffa8, 0x0000000083a00000| 99%| O|  |TAMS 0x00000000839fffa8, 0x0000000083900000| Untracked 
|  14|0x0000000083a00000, 0x0000000083affff8, 0x0000000083b00000| 99%| O|  |TAMS 0x0000000083affff8, 0x0000000083a00000| Untracked 
|  15|0x0000000083b00000, 0x0000000083bfff10, 0x0000000083c00000| 99%| O|  |TAMS 0x0000000083bfff10, 0x0000000083b00000| Untracked 
|  16|0x0000000083c00000, 0x0000000083cfffb8, 0x0000000083d00000| 99%| O|  |TAMS 0x0000000083cfffb8, 0x0000000083c00000| Untracked 
|  17|0x0000000083d00000, 0x0000000083dfffd0, 0x0000000083e00000| 99%| O|  |TAMS 0x0000000083dfffd0, 0x0000000083d00000| Untracked 
|  18|0x0000000083e00000, 0x0000000083effff8, 0x0000000083f00000| 99%| O|  |TAMS 0x0000000083effff8, 0x0000000083e00000| Untracked 
|  19|0x0000000083f00000, 0x0000000083ffffe8, 0x0000000084000000| 99%| O|  |TAMS 0x0000000083ffffe8, 0x0000000083f00000| Untracked 
|  20|0x0000000084000000, 0x00000000840ffff8, 0x0000000084100000| 99%| O|  |TAMS 0x00000000840ffff8, 0x0000000084000000| Untracked 
|  21|0x0000000084100000, 0x00000000841ffff8, 0x0000000084200000| 99%| O|  |TAMS 0x00000000841ffff8, 0x0000000084100000| Untracked 
|  22|0x0000000084200000, 0x00000000842fffd0, 0x0000000084300000| 99%| O|  |TAMS 0x00000000842fffd0, 0x0000000084200000| Untracked 
|  23|0x0000000084300000, 0x00000000843ffff8, 0x0000000084400000| 99%| O|  |TAMS 0x00000000843ffff8, 0x0000000084300000| Untracked 
|  24|0x0000000084400000, 0x0000000084400000, 0x0000000084500000|  0%| F|  |TAMS 0x0000000084400000, 0x0000000084400000| Untracked 
|  25|0x0000000084500000, 0x00000000845ffff8, 0x0000000084600000| 99%| O|  |TAMS 0x00000000845ffff8, 0x0000000084500000| Untracked 
|  26|0x0000000084600000, 0x0000000084600000, 0x0000000084700000|  0%| F|  |TAMS 0x0000000084600000, 0x0000000084600000| Untracked 
|  27|0x0000000084700000, 0x00000000847ff9e8, 0x0000000084800000| 99%| O|  |TAMS 0x00000000847ff9e8, 0x0000000084700000| Untracked 
|  28|0x0000000084800000, 0x0000000084800000, 0x0000000084900000|  0%| F|  |TAMS 0x0000000084800000, 0x0000000084800000| Untracked 
|  29|0x0000000084900000, 0x0000000084a00000, 0x0000000084a00000|100%| O|  |TAMS 0x0000000084a00000, 0x0000000084900000| Untracked 
|  30|0x0000000084a00000, 0x0000000084b00000, 0x0000000084b00000|100%| O|  |TAMS 0x0000000084b00000, 0x0000000084a00000| Untracked 
|  31|0x0000000084b00000, 0x0000000084c00000, 0x0000000084c00000|100%| O|  |TAMS 0x0000000084c00000, 0x0000000084b00000| Untracked 
|  32|0x0000000084c00000, 0x0000000084d00000, 0x0000000084d00000|100%| O|  |TAMS 0x0000000084d00000, 0x0000000084c00000| Untracked 
|  33|0x0000000084d00000, 0x0000000084e00000, 0x0000000084e00000|100%| O|  |TAMS 0x0000000084e00000, 0x0000000084d00000| Untracked 
|  34|0x0000000084e00000, 0x0000000084e00000, 0x0000000084f00000|  0%| F|  |TAMS 0x0000000084e00000, 0x0000000084e00000| Untracked 
|  35|0x0000000084f00000, 0x0000000084f00000, 0x0000000085000000|  0%| F|  |TAMS 0x0000000084f00000, 0x0000000084f00000| Untracked 
|  36|0x0000000085000000, 0x0000000085100000, 0x0000000085100000|100%| O|  |TAMS 0x0000000085100000, 0x0000000085000000| Untracked 
|  37|0x0000000085100000, 0x000000008514c0c0, 0x0000000085200000| 29%| O|  |TAMS 0x000000008514c0c0, 0x0000000085100000| Untracked 
|  38|0x0000000085200000, 0x0000000085300000, 0x0000000085300000|100%| O|  |TAMS 0x0000000085300000, 0x0000000085200000| Untracked 
|  39|0x0000000085300000, 0x0000000085400000, 0x0000000085400000|100%| O|  |TAMS 0x0000000085400000, 0x0000000085300000| Untracked 
|  40|0x0000000085400000, 0x0000000085500000, 0x0000000085500000|100%| O|  |TAMS 0x0000000085400000, 0x0000000085400000| Untracked 
|  41|0x0000000085500000, 0x0000000085500000, 0x0000000085600000|  0%| F|  |TAMS 0x0000000085500000, 0x0000000085500000| Untracked 
|  42|0x0000000085600000, 0x0000000085700000, 0x0000000085700000|100%| O|  |TAMS 0x0000000085600000, 0x0000000085600000| Untracked 
|  43|0x0000000085700000, 0x0000000085800000, 0x0000000085800000|100%| O|  |TAMS 0x0000000085700000, 0x0000000085700000| Untracked 
|  44|0x0000000085800000, 0x0000000085900000, 0x0000000085900000|100%| O|  |TAMS 0x0000000085800000, 0x0000000085800000| Untracked 
|  45|0x0000000085900000, 0x0000000085a00000, 0x0000000085a00000|100%| O|  |TAMS 0x0000000085a00000, 0x0000000085900000| Untracked 
|  46|0x0000000085a00000, 0x0000000085a30800, 0x0000000085b00000| 18%| O|  |TAMS 0x0000000085a00000, 0x0000000085a00000| Untracked 
|  47|0x0000000085b00000, 0x0000000085b00000, 0x0000000085c00000|  0%| F|  |TAMS 0x0000000085b00000, 0x0000000085b00000| Untracked 
|  48|0x0000000085c00000, 0x0000000085c00000, 0x0000000085d00000|  0%| F|  |TAMS 0x0000000085c00000, 0x0000000085c00000| Untracked 
|  49|0x0000000085d00000, 0x0000000085d00000, 0x0000000085e00000|  0%| F|  |TAMS 0x0000000085d00000, 0x0000000085d00000| Untracked 
|  50|0x0000000085e00000, 0x0000000085e00000, 0x0000000085f00000|  0%| F|  |TAMS 0x0000000085e00000, 0x0000000085e00000| Untracked 
|  51|0x0000000085f00000, 0x0000000085f00000, 0x0000000086000000|  0%| F|  |TAMS 0x0000000085f00000, 0x0000000085f00000| Untracked 
|  52|0x0000000086000000, 0x0000000086000000, 0x0000000086100000|  0%| F|  |TAMS 0x0000000086000000, 0x0000000086000000| Untracked 
|  53|0x0000000086100000, 0x0000000086100000, 0x0000000086200000|  0%| F|  |TAMS 0x0000000086100000, 0x0000000086100000| Untracked 
|  54|0x0000000086200000, 0x0000000086200000, 0x0000000086300000|  0%| F|  |TAMS 0x0000000086200000, 0x0000000086200000| Untracked 
|  55|0x0000000086300000, 0x0000000086300000, 0x0000000086400000|  0%| F|  |TAMS 0x0000000086300000, 0x0000000086300000| Untracked 
|  56|0x0000000086400000, 0x0000000086400000, 0x0000000086500000|  0%| F|  |TAMS 0x0000000086400000, 0x0000000086400000| Untracked 
|  57|0x0000000086500000, 0x000000008656fcf8, 0x0000000086600000| 43%| S|CS|TAMS 0x0000000086500000, 0x0000000086500000| Complete 
|  58|0x0000000086600000, 0x0000000086600000, 0x0000000086700000|  0%| F|  |TAMS 0x0000000086600000, 0x0000000086600000| Untracked 
|  59|0x0000000086700000, 0x0000000086700000, 0x0000000086800000|  0%| F|  |TAMS 0x0000000086700000, 0x0000000086700000| Untracked 
|  60|0x0000000086800000, 0x0000000086800000, 0x0000000086900000|  0%| F|  |TAMS 0x0000000086800000, 0x0000000086800000| Untracked 
|  61|0x0000000086900000, 0x0000000086900000, 0x0000000086a00000|  0%| F|  |TAMS 0x0000000086900000, 0x0000000086900000| Untracked 
|  62|0x0000000086a00000, 0x0000000086a00000, 0x0000000086b00000|  0%| F|  |TAMS 0x0000000086a00000, 0x0000000086a00000| Untracked 
|  63|0x0000000086b00000, 0x0000000086b00000, 0x0000000086c00000|  0%| F|  |TAMS 0x0000000086b00000, 0x0000000086b00000| Untracked 
|  64|0x0000000086c00000, 0x0000000086c00000, 0x0000000086d00000|  0%| F|  |TAMS 0x0000000086c00000, 0x0000000086c00000| Untracked 
|  65|0x0000000086d00000, 0x0000000086d00000, 0x0000000086e00000|  0%| F|  |TAMS 0x0000000086d00000, 0x0000000086d00000| Untracked 
|  66|0x0000000086e00000, 0x0000000086e00000, 0x0000000086f00000|  0%| F|  |TAMS 0x0000000086e00000, 0x0000000086e00000| Untracked 
|  67|0x0000000086f00000, 0x0000000086f00000, 0x0000000087000000|  0%| F|  |TAMS 0x0000000086f00000, 0x0000000086f00000| Untracked 
|  68|0x0000000087000000, 0x0000000087000000, 0x0000000087100000|  0%| F|  |TAMS 0x0000000087000000, 0x0000000087000000| Untracked 
|  69|0x0000000087100000, 0x0000000087100000, 0x0000000087200000|  0%| F|  |TAMS 0x0000000087100000, 0x0000000087100000| Untracked 
|  70|0x0000000087200000, 0x0000000087200000, 0x0000000087300000|  0%| F|  |TAMS 0x0000000087200000, 0x0000000087200000| Untracked 
|  71|0x0000000087300000, 0x0000000087300000, 0x0000000087400000|  0%| F|  |TAMS 0x0000000087300000, 0x0000000087300000| Untracked 
|  72|0x0000000087400000, 0x0000000087400000, 0x0000000087500000|  0%| F|  |TAMS 0x0000000087400000, 0x0000000087400000| Untracked 
|  73|0x0000000087500000, 0x0000000087500000, 0x0000000087600000|  0%| F|  |TAMS 0x0000000087500000, 0x0000000087500000| Untracked 
|  74|0x0000000087600000, 0x0000000087600000, 0x0000000087700000|  0%| F|  |TAMS 0x0000000087600000, 0x0000000087600000| Untracked 
|  75|0x0000000087700000, 0x0000000087700000, 0x0000000087800000|  0%| F|  |TAMS 0x0000000087700000, 0x0000000087700000| Untracked 
|  76|0x0000000087800000, 0x0000000087800000, 0x0000000087900000|  0%| F|  |TAMS 0x0000000087800000, 0x0000000087800000| Untracked 
|  77|0x0000000087900000, 0x0000000087900000, 0x0000000087a00000|  0%| F|  |TAMS 0x0000000087900000, 0x0000000087900000| Untracked 
|  78|0x0000000087a00000, 0x0000000087a00000, 0x0000000087b00000|  0%| F|  |TAMS 0x0000000087a00000, 0x0000000087a00000| Untracked 
|  79|0x0000000087b00000, 0x0000000087b00000, 0x0000000087c00000|  0%| F|  |TAMS 0x0000000087b00000, 0x0000000087b00000| Untracked 
|  80|0x0000000087c00000, 0x0000000087c00000, 0x0000000087d00000|  0%| F|  |TAMS 0x0000000087c00000, 0x0000000087c00000| Untracked 
|  81|0x0000000087d00000, 0x0000000087d00000, 0x0000000087e00000|  0%| F|  |TAMS 0x0000000087d00000, 0x0000000087d00000| Untracked 
|  82|0x0000000087e00000, 0x0000000087e00000, 0x0000000087f00000|  0%| F|  |TAMS 0x0000000087e00000, 0x0000000087e00000| Untracked 
|  83|0x0000000087f00000, 0x0000000087f00000, 0x0000000088000000|  0%| F|  |TAMS 0x0000000087f00000, 0x0000000087f00000| Untracked 
|  84|0x0000000088000000, 0x0000000088000000, 0x0000000088100000|  0%| F|  |TAMS 0x0000000088000000, 0x0000000088000000| Untracked 
|  85|0x0000000088100000, 0x0000000088100000, 0x0000000088200000|  0%| F|  |TAMS 0x0000000088100000, 0x0000000088100000| Untracked 
|  86|0x0000000088200000, 0x0000000088200000, 0x0000000088300000|  0%| F|  |TAMS 0x0000000088200000, 0x0000000088200000| Untracked 
|  87|0x0000000088300000, 0x0000000088300000, 0x0000000088400000|  0%| F|  |TAMS 0x0000000088300000, 0x0000000088300000| Untracked 
|  88|0x0000000088400000, 0x0000000088400000, 0x0000000088500000|  0%| F|  |TAMS 0x0000000088400000, 0x0000000088400000| Untracked 
|  89|0x0000000088500000, 0x0000000088500000, 0x0000000088600000|  0%| F|  |TAMS 0x0000000088500000, 0x0000000088500000| Untracked 
|  90|0x0000000088600000, 0x0000000088600000, 0x0000000088700000|  0%| F|  |TAMS 0x0000000088600000, 0x0000000088600000| Untracked 
|  91|0x0000000088700000, 0x0000000088700000, 0x0000000088800000|  0%| F|  |TAMS 0x0000000088700000, 0x0000000088700000| Untracked 
|  92|0x0000000088800000, 0x0000000088800000, 0x0000000088900000|  0%| F|  |TAMS 0x0000000088800000, 0x0000000088800000| Untracked 
|  93|0x0000000088900000, 0x0000000088900000, 0x0000000088a00000|  0%| F|  |TAMS 0x0000000088900000, 0x0000000088900000| Untracked 
|  94|0x0000000088a00000, 0x0000000088a00000, 0x0000000088b00000|  0%| F|  |TAMS 0x0000000088a00000, 0x0000000088a00000| Untracked 
|  95|0x0000000088b00000, 0x0000000088b00000, 0x0000000088c00000|  0%| F|  |TAMS 0x0000000088b00000, 0x0000000088b00000| Untracked 
|  96|0x0000000088c00000, 0x0000000088c00000, 0x0000000088d00000|  0%| F|  |TAMS 0x0000000088c00000, 0x0000000088c00000| Untracked 
|  97|0x0000000088d00000, 0x0000000088d00000, 0x0000000088e00000|  0%| F|  |TAMS 0x0000000088d00000, 0x0000000088d00000| Untracked 
|  98|0x0000000088e00000, 0x0000000088e00000, 0x0000000088f00000|  0%| F|  |TAMS 0x0000000088e00000, 0x0000000088e00000| Untracked 
|  99|0x0000000088f00000, 0x0000000088f00000, 0x0000000089000000|  0%| F|  |TAMS 0x0000000088f00000, 0x0000000088f00000| Untracked 
| 100|0x0000000089000000, 0x0000000089000000, 0x0000000089100000|  0%| F|  |TAMS 0x0000000089000000, 0x0000000089000000| Untracked 
| 101|0x0000000089100000, 0x0000000089100000, 0x0000000089200000|  0%| F|  |TAMS 0x0000000089100000, 0x0000000089100000| Untracked 
| 102|0x0000000089200000, 0x0000000089200000, 0x0000000089300000|  0%| F|  |TAMS 0x0000000089200000, 0x0000000089200000| Untracked 
| 103|0x0000000089300000, 0x0000000089300000, 0x0000000089400000|  0%| F|  |TAMS 0x0000000089300000, 0x0000000089300000| Untracked 
| 104|0x0000000089400000, 0x0000000089400000, 0x0000000089500000|  0%| F|  |TAMS 0x0000000089400000, 0x0000000089400000| Untracked 
| 105|0x0000000089500000, 0x0000000089500000, 0x0000000089600000|  0%| F|  |TAMS 0x0000000089500000, 0x0000000089500000| Untracked 
| 106|0x0000000089600000, 0x0000000089600000, 0x0000000089700000|  0%| F|  |TAMS 0x0000000089600000, 0x0000000089600000| Untracked 
| 107|0x0000000089700000, 0x0000000089700000, 0x0000000089800000|  0%| F|  |TAMS 0x0000000089700000, 0x0000000089700000| Untracked 
| 108|0x0000000089800000, 0x0000000089800000, 0x0000000089900000|  0%| F|  |TAMS 0x0000000089800000, 0x0000000089800000| Untracked 
| 109|0x0000000089900000, 0x0000000089900000, 0x0000000089a00000|  0%| F|  |TAMS 0x0000000089900000, 0x0000000089900000| Untracked 
| 110|0x0000000089a00000, 0x0000000089a00000, 0x0000000089b00000|  0%| F|  |TAMS 0x0000000089a00000, 0x0000000089a00000| Untracked 
| 111|0x0000000089b00000, 0x0000000089b00000, 0x0000000089c00000|  0%| F|  |TAMS 0x0000000089b00000, 0x0000000089b00000| Untracked 
| 112|0x0000000089c00000, 0x0000000089c00000, 0x0000000089d00000|  0%| F|  |TAMS 0x0000000089c00000, 0x0000000089c00000| Untracked 
| 113|0x0000000089d00000, 0x0000000089d00000, 0x0000000089e00000|  0%| F|  |TAMS 0x0000000089d00000, 0x0000000089d00000| Untracked 
| 114|0x0000000089e00000, 0x0000000089e00000, 0x0000000089f00000|  0%| F|  |TAMS 0x0000000089e00000, 0x0000000089e00000| Untracked 
| 115|0x0000000089f00000, 0x0000000089f00000, 0x000000008a000000|  0%| F|  |TAMS 0x0000000089f00000, 0x0000000089f00000| Untracked 
| 116|0x000000008a000000, 0x000000008a000000, 0x000000008a100000|  0%| F|  |TAMS 0x000000008a000000, 0x000000008a000000| Untracked 
| 117|0x000000008a100000, 0x000000008a100000, 0x000000008a200000|  0%| F|  |TAMS 0x000000008a100000, 0x000000008a100000| Untracked 
| 118|0x000000008a200000, 0x000000008a200000, 0x000000008a300000|  0%| F|  |TAMS 0x000000008a200000, 0x000000008a200000| Untracked 
| 119|0x000000008a300000, 0x000000008a300000, 0x000000008a400000|  0%| F|  |TAMS 0x000000008a300000, 0x000000008a300000| Untracked 
| 120|0x000000008a400000, 0x000000008a400000, 0x000000008a500000|  0%| F|  |TAMS 0x000000008a400000, 0x000000008a400000| Untracked 
| 121|0x000000008a500000, 0x000000008a500000, 0x000000008a600000|  0%| F|  |TAMS 0x000000008a500000, 0x000000008a500000| Untracked 
| 122|0x000000008a600000, 0x000000008a600000, 0x000000008a700000|  0%| F|  |TAMS 0x000000008a600000, 0x000000008a600000| Untracked 
| 123|0x000000008a700000, 0x000000008a700000, 0x000000008a800000|  0%| F|  |TAMS 0x000000008a700000, 0x000000008a700000| Untracked 
| 124|0x000000008a800000, 0x000000008a800000, 0x000000008a900000|  0%| F|  |TAMS 0x000000008a800000, 0x000000008a800000| Untracked 
| 125|0x000000008a900000, 0x000000008a900000, 0x000000008aa00000|  0%| F|  |TAMS 0x000000008a900000, 0x000000008a900000| Untracked 
| 126|0x000000008aa00000, 0x000000008aa00000, 0x000000008ab00000|  0%| F|  |TAMS 0x000000008aa00000, 0x000000008aa00000| Untracked 
| 127|0x000000008ab00000, 0x000000008ab00000, 0x000000008ac00000|  0%| F|  |TAMS 0x000000008ab00000, 0x000000008ab00000| Untracked 
| 128|0x000000008ac00000, 0x000000008ac00000, 0x000000008ad00000|  0%| F|  |TAMS 0x000000008ac00000, 0x000000008ac00000| Untracked 
| 129|0x000000008ad00000, 0x000000008ad00000, 0x000000008ae00000|  0%| F|  |TAMS 0x000000008ad00000, 0x000000008ad00000| Untracked 
| 130|0x000000008ae00000, 0x000000008ae00000, 0x000000008af00000|  0%| F|  |TAMS 0x000000008ae00000, 0x000000008ae00000| Untracked 
| 131|0x000000008af00000, 0x000000008af00000, 0x000000008b000000|  0%| F|  |TAMS 0x000000008af00000, 0x000000008af00000| Untracked 
| 132|0x000000008b000000, 0x000000008b000000, 0x000000008b100000|  0%| F|  |TAMS 0x000000008b000000, 0x000000008b000000| Untracked 
| 133|0x000000008b100000, 0x000000008b100000, 0x000000008b200000|  0%| F|  |TAMS 0x000000008b100000, 0x000000008b100000| Untracked 
| 134|0x000000008b200000, 0x000000008b200000, 0x000000008b300000|  0%| F|  |TAMS 0x000000008b200000, 0x000000008b200000| Untracked 
| 135|0x000000008b300000, 0x000000008b300000, 0x000000008b400000|  0%| F|  |TAMS 0x000000008b300000, 0x000000008b300000| Untracked 
| 136|0x000000008b400000, 0x000000008b400000, 0x000000008b500000|  0%| F|  |TAMS 0x000000008b400000, 0x000000008b400000| Untracked 
| 137|0x000000008b500000, 0x000000008b500000, 0x000000008b600000|  0%| F|  |TAMS 0x000000008b500000, 0x000000008b500000| Untracked 
| 138|0x000000008b600000, 0x000000008b600000, 0x000000008b700000|  0%| F|  |TAMS 0x000000008b600000, 0x000000008b600000| Untracked 
| 139|0x000000008b700000, 0x000000008b700000, 0x000000008b800000|  0%| F|  |TAMS 0x000000008b700000, 0x000000008b700000| Untracked 
| 140|0x000000008b800000, 0x000000008b800000, 0x000000008b900000|  0%| F|  |TAMS 0x000000008b800000, 0x000000008b800000| Untracked 
| 141|0x000000008b900000, 0x000000008b900000, 0x000000008ba00000|  0%| F|  |TAMS 0x000000008b900000, 0x000000008b900000| Untracked 
| 142|0x000000008ba00000, 0x000000008ba00000, 0x000000008bb00000|  0%| F|  |TAMS 0x000000008ba00000, 0x000000008ba00000| Untracked 
| 143|0x000000008bb00000, 0x000000008bb00000, 0x000000008bc00000|  0%| F|  |TAMS 0x000000008bb00000, 0x000000008bb00000| Untracked 
| 144|0x000000008bc00000, 0x000000008bc00000, 0x000000008bd00000|  0%| F|  |TAMS 0x000000008bc00000, 0x000000008bc00000| Untracked 
| 145|0x000000008bd00000, 0x000000008bd00000, 0x000000008be00000|  0%| F|  |TAMS 0x000000008bd00000, 0x000000008bd00000| Untracked 
| 146|0x000000008be00000, 0x000000008be00000, 0x000000008bf00000|  0%| F|  |TAMS 0x000000008be00000, 0x000000008be00000| Untracked 
| 147|0x000000008bf00000, 0x000000008bf00000, 0x000000008c000000|  0%| F|  |TAMS 0x000000008bf00000, 0x000000008bf00000| Untracked 
| 148|0x000000008c000000, 0x000000008c000000, 0x000000008c100000|  0%| F|  |TAMS 0x000000008c000000, 0x000000008c000000| Untracked 
| 149|0x000000008c100000, 0x000000008c100000, 0x000000008c200000|  0%| F|  |TAMS 0x000000008c100000, 0x000000008c100000| Untracked 
| 150|0x000000008c200000, 0x000000008c200000, 0x000000008c300000|  0%| F|  |TAMS 0x000000008c200000, 0x000000008c200000| Untracked 
| 151|0x000000008c300000, 0x000000008c300000, 0x000000008c400000|  0%| F|  |TAMS 0x000000008c300000, 0x000000008c300000| Untracked 
| 152|0x000000008c400000, 0x000000008c400000, 0x000000008c500000|  0%| F|  |TAMS 0x000000008c400000, 0x000000008c400000| Untracked 
| 153|0x000000008c500000, 0x000000008c500000, 0x000000008c600000|  0%| F|  |TAMS 0x000000008c500000, 0x000000008c500000| Untracked 
| 154|0x000000008c600000, 0x000000008c600000, 0x000000008c700000|  0%| F|  |TAMS 0x000000008c600000, 0x000000008c600000| Untracked 
| 155|0x000000008c700000, 0x000000008c700000, 0x000000008c800000|  0%| F|  |TAMS 0x000000008c700000, 0x000000008c700000| Untracked 
| 156|0x000000008c800000, 0x000000008c800000, 0x000000008c900000|  0%| F|  |TAMS 0x000000008c800000, 0x000000008c800000| Untracked 
| 157|0x000000008c900000, 0x000000008c900000, 0x000000008ca00000|  0%| F|  |TAMS 0x000000008c900000, 0x000000008c900000| Untracked 
| 158|0x000000008ca00000, 0x000000008ca00000, 0x000000008cb00000|  0%| F|  |TAMS 0x000000008ca00000, 0x000000008ca00000| Untracked 
| 159|0x000000008cb00000, 0x000000008cb00000, 0x000000008cc00000|  0%| F|  |TAMS 0x000000008cb00000, 0x000000008cb00000| Untracked 
| 160|0x000000008cc00000, 0x000000008cc00000, 0x000000008cd00000|  0%| F|  |TAMS 0x000000008cc00000, 0x000000008cc00000| Untracked 
| 161|0x000000008cd00000, 0x000000008cd00000, 0x000000008ce00000|  0%| F|  |TAMS 0x000000008cd00000, 0x000000008cd00000| Untracked 
| 162|0x000000008ce00000, 0x000000008ce00000, 0x000000008cf00000|  0%| F|  |TAMS 0x000000008ce00000, 0x000000008ce00000| Untracked 
| 163|0x000000008cf00000, 0x000000008cf00000, 0x000000008d000000|  0%| F|  |TAMS 0x000000008cf00000, 0x000000008cf00000| Untracked 
| 164|0x000000008d000000, 0x000000008d000000, 0x000000008d100000|  0%| F|  |TAMS 0x000000008d000000, 0x000000008d000000| Untracked 
| 165|0x000000008d100000, 0x000000008d100000, 0x000000008d200000|  0%| F|  |TAMS 0x000000008d100000, 0x000000008d100000| Untracked 
| 166|0x000000008d200000, 0x000000008d200000, 0x000000008d300000|  0%| F|  |TAMS 0x000000008d200000, 0x000000008d200000| Untracked 
| 167|0x000000008d300000, 0x000000008d300000, 0x000000008d400000|  0%| F|  |TAMS 0x000000008d300000, 0x000000008d300000| Untracked 
| 168|0x000000008d400000, 0x000000008d400000, 0x000000008d500000|  0%| F|  |TAMS 0x000000008d400000, 0x000000008d400000| Untracked 
| 169|0x000000008d500000, 0x000000008d500000, 0x000000008d600000|  0%| F|  |TAMS 0x000000008d500000, 0x000000008d500000| Untracked 
| 170|0x000000008d600000, 0x000000008d600000, 0x000000008d700000|  0%| F|  |TAMS 0x000000008d600000, 0x000000008d600000| Untracked 
| 171|0x000000008d700000, 0x000000008d700000, 0x000000008d800000|  0%| F|  |TAMS 0x000000008d700000, 0x000000008d700000| Untracked 
| 172|0x000000008d800000, 0x000000008d800000, 0x000000008d900000|  0%| F|  |TAMS 0x000000008d800000, 0x000000008d800000| Untracked 
| 173|0x000000008d900000, 0x000000008d900000, 0x000000008da00000|  0%| F|  |TAMS 0x000000008d900000, 0x000000008d900000| Untracked 
| 174|0x000000008da00000, 0x000000008da00000, 0x000000008db00000|  0%| F|  |TAMS 0x000000008da00000, 0x000000008da00000| Untracked 
| 175|0x000000008db00000, 0x000000008db00000, 0x000000008dc00000|  0%| F|  |TAMS 0x000000008db00000, 0x000000008db00000| Untracked 
| 176|0x000000008dc00000, 0x000000008dc00000, 0x000000008dd00000|  0%| F|  |TAMS 0x000000008dc00000, 0x000000008dc00000| Untracked 
| 177|0x000000008dd00000, 0x000000008dd00000, 0x000000008de00000|  0%| F|  |TAMS 0x000000008dd00000, 0x000000008dd00000| Untracked 
| 178|0x000000008de00000, 0x000000008de00000, 0x000000008df00000|  0%| F|  |TAMS 0x000000008de00000, 0x000000008de00000| Untracked 
| 179|0x000000008df00000, 0x000000008df00000, 0x000000008e000000|  0%| F|  |TAMS 0x000000008df00000, 0x000000008df00000| Untracked 
| 180|0x000000008e000000, 0x000000008e000000, 0x000000008e100000|  0%| F|  |TAMS 0x000000008e000000, 0x000000008e000000| Untracked 
| 181|0x000000008e100000, 0x000000008e100000, 0x000000008e200000|  0%| F|  |TAMS 0x000000008e100000, 0x000000008e100000| Untracked 
| 182|0x000000008e200000, 0x000000008e200000, 0x000000008e300000|  0%| F|  |TAMS 0x000000008e200000, 0x000000008e200000| Untracked 
| 183|0x000000008e300000, 0x000000008e300000, 0x000000008e400000|  0%| F|  |TAMS 0x000000008e300000, 0x000000008e300000| Untracked 
| 184|0x000000008e400000, 0x000000008e400000, 0x000000008e500000|  0%| F|  |TAMS 0x000000008e400000, 0x000000008e400000| Untracked 
| 185|0x000000008e500000, 0x000000008e500000, 0x000000008e600000|  0%| F|  |TAMS 0x000000008e500000, 0x000000008e500000| Untracked 
| 186|0x000000008e600000, 0x000000008e600000, 0x000000008e700000|  0%| F|  |TAMS 0x000000008e600000, 0x000000008e600000| Untracked 
| 187|0x000000008e700000, 0x000000008e700000, 0x000000008e800000|  0%| F|  |TAMS 0x000000008e700000, 0x000000008e700000| Untracked 
| 188|0x000000008e800000, 0x000000008e800000, 0x000000008e900000|  0%| F|  |TAMS 0x000000008e800000, 0x000000008e800000| Untracked 
| 189|0x000000008e900000, 0x000000008e900000, 0x000000008ea00000|  0%| F|  |TAMS 0x000000008e900000, 0x000000008e900000| Untracked 
| 190|0x000000008ea00000, 0x000000008ea00000, 0x000000008eb00000|  0%| F|  |TAMS 0x000000008ea00000, 0x000000008ea00000| Untracked 
| 191|0x000000008eb00000, 0x000000008eb00000, 0x000000008ec00000|  0%| F|  |TAMS 0x000000008eb00000, 0x000000008eb00000| Untracked 
| 192|0x000000008ec00000, 0x000000008ec00000, 0x000000008ed00000|  0%| F|  |TAMS 0x000000008ec00000, 0x000000008ec00000| Untracked 
| 193|0x000000008ed00000, 0x000000008ed00000, 0x000000008ee00000|  0%| F|  |TAMS 0x000000008ed00000, 0x000000008ed00000| Untracked 
| 194|0x000000008ee00000, 0x000000008ee00000, 0x000000008ef00000|  0%| F|  |TAMS 0x000000008ee00000, 0x000000008ee00000| Untracked 
| 195|0x000000008ef00000, 0x000000008ef00000, 0x000000008f000000|  0%| F|  |TAMS 0x000000008ef00000, 0x000000008ef00000| Untracked 
| 196|0x000000008f000000, 0x000000008f000000, 0x000000008f100000|  0%| F|  |TAMS 0x000000008f000000, 0x000000008f000000| Untracked 
| 197|0x000000008f100000, 0x000000008f100000, 0x000000008f200000|  0%| F|  |TAMS 0x000000008f100000, 0x000000008f100000| Untracked 
| 198|0x000000008f200000, 0x000000008f200000, 0x000000008f300000|  0%| F|  |TAMS 0x000000008f200000, 0x000000008f200000| Untracked 
| 199|0x000000008f300000, 0x000000008f300000, 0x000000008f400000|  0%| F|  |TAMS 0x000000008f300000, 0x000000008f300000| Untracked 
| 200|0x000000008f400000, 0x000000008f400000, 0x000000008f500000|  0%| F|  |TAMS 0x000000008f400000, 0x000000008f400000| Untracked 
| 201|0x000000008f500000, 0x000000008f500000, 0x000000008f600000|  0%| F|  |TAMS 0x000000008f500000, 0x000000008f500000| Untracked 
| 202|0x000000008f600000, 0x000000008f600000, 0x000000008f700000|  0%| F|  |TAMS 0x000000008f600000, 0x000000008f600000| Untracked 
| 203|0x000000008f700000, 0x000000008f700000, 0x000000008f800000|  0%| F|  |TAMS 0x000000008f700000, 0x000000008f700000| Untracked 
| 204|0x000000008f800000, 0x000000008f800000, 0x000000008f900000|  0%| F|  |TAMS 0x000000008f800000, 0x000000008f800000| Untracked 
| 205|0x000000008f900000, 0x000000008f900000, 0x000000008fa00000|  0%| F|  |TAMS 0x000000008f900000, 0x000000008f900000| Untracked 
| 206|0x000000008fa00000, 0x000000008fa00000, 0x000000008fb00000|  0%| F|  |TAMS 0x000000008fa00000, 0x000000008fa00000| Untracked 
| 207|0x000000008fb00000, 0x000000008fb00000, 0x000000008fc00000|  0%| F|  |TAMS 0x000000008fb00000, 0x000000008fb00000| Untracked 
| 208|0x000000008fc00000, 0x000000008fc00000, 0x000000008fd00000|  0%| F|  |TAMS 0x000000008fc00000, 0x000000008fc00000| Untracked 
| 209|0x000000008fd00000, 0x000000008fd00000, 0x000000008fe00000|  0%| F|  |TAMS 0x000000008fd00000, 0x000000008fd00000| Untracked 
| 210|0x000000008fe00000, 0x000000008fe00000, 0x000000008ff00000|  0%| F|  |TAMS 0x000000008fe00000, 0x000000008fe00000| Untracked 
| 211|0x000000008ff00000, 0x000000008ff00000, 0x0000000090000000|  0%| F|  |TAMS 0x000000008ff00000, 0x000000008ff00000| Untracked 
| 212|0x0000000090000000, 0x0000000090000000, 0x0000000090100000|  0%| F|  |TAMS 0x0000000090000000, 0x0000000090000000| Untracked 
| 213|0x0000000090100000, 0x0000000090100000, 0x0000000090200000|  0%| F|  |TAMS 0x0000000090100000, 0x0000000090100000| Untracked 
| 214|0x0000000090200000, 0x0000000090200000, 0x0000000090300000|  0%| F|  |TAMS 0x0000000090200000, 0x0000000090200000| Untracked 
| 215|0x0000000090300000, 0x0000000090300000, 0x0000000090400000|  0%| F|  |TAMS 0x0000000090300000, 0x0000000090300000| Untracked 
| 216|0x0000000090400000, 0x0000000090400000, 0x0000000090500000|  0%| F|  |TAMS 0x0000000090400000, 0x0000000090400000| Untracked 
| 217|0x0000000090500000, 0x0000000090500000, 0x0000000090600000|  0%| F|  |TAMS 0x0000000090500000, 0x0000000090500000| Untracked 
| 218|0x0000000090600000, 0x0000000090600000, 0x0000000090700000|  0%| F|  |TAMS 0x0000000090600000, 0x0000000090600000| Untracked 
| 219|0x0000000090700000, 0x0000000090700000, 0x0000000090800000|  0%| F|  |TAMS 0x0000000090700000, 0x0000000090700000| Untracked 
| 220|0x0000000090800000, 0x0000000090800000, 0x0000000090900000|  0%| F|  |TAMS 0x0000000090800000, 0x0000000090800000| Untracked 
| 221|0x0000000090900000, 0x0000000090900000, 0x0000000090a00000|  0%| F|  |TAMS 0x0000000090900000, 0x0000000090900000| Untracked 
| 222|0x0000000090a00000, 0x0000000090a00000, 0x0000000090b00000|  0%| F|  |TAMS 0x0000000090a00000, 0x0000000090a00000| Untracked 
| 223|0x0000000090b00000, 0x0000000090b00000, 0x0000000090c00000|  0%| F|  |TAMS 0x0000000090b00000, 0x0000000090b00000| Untracked 
| 224|0x0000000090c00000, 0x0000000090c00000, 0x0000000090d00000|  0%| F|  |TAMS 0x0000000090c00000, 0x0000000090c00000| Untracked 
| 225|0x0000000090d00000, 0x0000000090d00000, 0x0000000090e00000|  0%| F|  |TAMS 0x0000000090d00000, 0x0000000090d00000| Untracked 
| 226|0x0000000090e00000, 0x0000000090e00000, 0x0000000090f00000|  0%| F|  |TAMS 0x0000000090e00000, 0x0000000090e00000| Untracked 
| 227|0x0000000090f00000, 0x0000000090f00000, 0x0000000091000000|  0%| F|  |TAMS 0x0000000090f00000, 0x0000000090f00000| Untracked 
| 228|0x0000000091000000, 0x0000000091000000, 0x0000000091100000|  0%| F|  |TAMS 0x0000000091000000, 0x0000000091000000| Untracked 
| 229|0x0000000091100000, 0x0000000091100000, 0x0000000091200000|  0%| F|  |TAMS 0x0000000091100000, 0x0000000091100000| Untracked 
| 230|0x0000000091200000, 0x0000000091200000, 0x0000000091300000|  0%| F|  |TAMS 0x0000000091200000, 0x0000000091200000| Untracked 
| 231|0x0000000091300000, 0x0000000091300000, 0x0000000091400000|  0%| F|  |TAMS 0x0000000091300000, 0x0000000091300000| Untracked 
| 232|0x0000000091400000, 0x0000000091400000, 0x0000000091500000|  0%| F|  |TAMS 0x0000000091400000, 0x0000000091400000| Untracked 
| 233|0x0000000091500000, 0x0000000091500000, 0x0000000091600000|  0%| F|  |TAMS 0x0000000091500000, 0x0000000091500000| Untracked 
| 234|0x0000000091600000, 0x0000000091600000, 0x0000000091700000|  0%| F|  |TAMS 0x0000000091600000, 0x0000000091600000| Untracked 
| 235|0x0000000091700000, 0x0000000091700000, 0x0000000091800000|  0%| F|  |TAMS 0x0000000091700000, 0x0000000091700000| Untracked 
| 236|0x0000000091800000, 0x0000000091800000, 0x0000000091900000|  0%| F|  |TAMS 0x0000000091800000, 0x0000000091800000| Untracked 
| 237|0x0000000091900000, 0x0000000091900000, 0x0000000091a00000|  0%| F|  |TAMS 0x0000000091900000, 0x0000000091900000| Untracked 
| 238|0x0000000091a00000, 0x0000000091a00000, 0x0000000091b00000|  0%| F|  |TAMS 0x0000000091a00000, 0x0000000091a00000| Untracked 
| 239|0x0000000091b00000, 0x0000000091b00000, 0x0000000091c00000|  0%| F|  |TAMS 0x0000000091b00000, 0x0000000091b00000| Untracked 
| 240|0x0000000091c00000, 0x0000000091c00000, 0x0000000091d00000|  0%| F|  |TAMS 0x0000000091c00000, 0x0000000091c00000| Untracked 
| 241|0x0000000091d00000, 0x0000000091d00000, 0x0000000091e00000|  0%| F|  |TAMS 0x0000000091d00000, 0x0000000091d00000| Untracked 
| 242|0x0000000091e00000, 0x0000000091e00000, 0x0000000091f00000|  0%| F|  |TAMS 0x0000000091e00000, 0x0000000091e00000| Untracked 
| 243|0x0000000091f00000, 0x0000000091f00000, 0x0000000092000000|  0%| F|  |TAMS 0x0000000091f00000, 0x0000000091f00000| Untracked 
| 244|0x0000000092000000, 0x0000000092000000, 0x0000000092100000|  0%| F|  |TAMS 0x0000000092000000, 0x0000000092000000| Untracked 
| 245|0x0000000092100000, 0x0000000092100000, 0x0000000092200000|  0%| F|  |TAMS 0x0000000092100000, 0x0000000092100000| Untracked 
| 246|0x0000000092200000, 0x0000000092200000, 0x0000000092300000|  0%| F|  |TAMS 0x0000000092200000, 0x0000000092200000| Untracked 
| 247|0x0000000092300000, 0x0000000092300000, 0x0000000092400000|  0%| F|  |TAMS 0x0000000092300000, 0x0000000092300000| Untracked 
| 248|0x0000000092400000, 0x0000000092400000, 0x0000000092500000|  0%| F|  |TAMS 0x0000000092400000, 0x0000000092400000| Untracked 
| 249|0x0000000092500000, 0x0000000092500000, 0x0000000092600000|  0%| F|  |TAMS 0x0000000092500000, 0x0000000092500000| Untracked 
| 250|0x0000000092600000, 0x0000000092600000, 0x0000000092700000|  0%| F|  |TAMS 0x0000000092600000, 0x0000000092600000| Untracked 
| 251|0x0000000092700000, 0x0000000092700000, 0x0000000092800000|  0%| F|  |TAMS 0x0000000092700000, 0x0000000092700000| Untracked 
| 252|0x0000000092800000, 0x0000000092800000, 0x0000000092900000|  0%| F|  |TAMS 0x0000000092800000, 0x0000000092800000| Untracked 
| 253|0x0000000092900000, 0x0000000092900000, 0x0000000092a00000|  0%| F|  |TAMS 0x0000000092900000, 0x0000000092900000| Untracked 
| 254|0x0000000092a00000, 0x0000000092a00000, 0x0000000092b00000|  0%| F|  |TAMS 0x0000000092a00000, 0x0000000092a00000| Untracked 
| 255|0x0000000092b00000, 0x0000000092b00000, 0x0000000092c00000|  0%| F|  |TAMS 0x0000000092b00000, 0x0000000092b00000| Untracked 
| 256|0x0000000092c00000, 0x0000000092c00000, 0x0000000092d00000|  0%| F|  |TAMS 0x0000000092c00000, 0x0000000092c00000| Untracked 
| 257|0x0000000092d00000, 0x0000000092d00000, 0x0000000092e00000|  0%| F|  |TAMS 0x0000000092d00000, 0x0000000092d00000| Untracked 
| 258|0x0000000092e00000, 0x0000000092e00000, 0x0000000092f00000|  0%| F|  |TAMS 0x0000000092e00000, 0x0000000092e00000| Untracked 
| 259|0x0000000092f00000, 0x0000000092f00000, 0x0000000093000000|  0%| F|  |TAMS 0x0000000092f00000, 0x0000000092f00000| Untracked 
| 260|0x0000000093000000, 0x0000000093000000, 0x0000000093100000|  0%| F|  |TAMS 0x0000000093000000, 0x0000000093000000| Untracked 
| 261|0x0000000093100000, 0x0000000093100000, 0x0000000093200000|  0%| F|  |TAMS 0x0000000093100000, 0x0000000093100000| Untracked 
| 262|0x0000000093200000, 0x0000000093200000, 0x0000000093300000|  0%| F|  |TAMS 0x0000000093200000, 0x0000000093200000| Untracked 
| 263|0x0000000093300000, 0x0000000093300000, 0x0000000093400000|  0%| F|  |TAMS 0x0000000093300000, 0x0000000093300000| Untracked 
| 264|0x0000000093400000, 0x0000000093400000, 0x0000000093500000|  0%| F|  |TAMS 0x0000000093400000, 0x0000000093400000| Untracked 
| 265|0x0000000093500000, 0x0000000093500000, 0x0000000093600000|  0%| F|  |TAMS 0x0000000093500000, 0x0000000093500000| Untracked 
| 266|0x0000000093600000, 0x0000000093600000, 0x0000000093700000|  0%| F|  |TAMS 0x0000000093600000, 0x0000000093600000| Untracked 
| 267|0x0000000093700000, 0x0000000093700000, 0x0000000093800000|  0%| F|  |TAMS 0x0000000093700000, 0x0000000093700000| Untracked 
| 268|0x0000000093800000, 0x0000000093800000, 0x0000000093900000|  0%| F|  |TAMS 0x0000000093800000, 0x0000000093800000| Untracked 
| 269|0x0000000093900000, 0x0000000093900000, 0x0000000093a00000|  0%| F|  |TAMS 0x0000000093900000, 0x0000000093900000| Untracked 
| 270|0x0000000093a00000, 0x0000000093a00000, 0x0000000093b00000|  0%| F|  |TAMS 0x0000000093a00000, 0x0000000093a00000| Untracked 
| 271|0x0000000093b00000, 0x0000000093b00000, 0x0000000093c00000|  0%| F|  |TAMS 0x0000000093b00000, 0x0000000093b00000| Untracked 
| 272|0x0000000093c00000, 0x0000000093c00000, 0x0000000093d00000|  0%| F|  |TAMS 0x0000000093c00000, 0x0000000093c00000| Untracked 
| 273|0x0000000093d00000, 0x0000000093d00000, 0x0000000093e00000|  0%| F|  |TAMS 0x0000000093d00000, 0x0000000093d00000| Untracked 
| 274|0x0000000093e00000, 0x0000000093e00000, 0x0000000093f00000|  0%| F|  |TAMS 0x0000000093e00000, 0x0000000093e00000| Untracked 
| 275|0x0000000093f00000, 0x0000000093f00000, 0x0000000094000000|  0%| F|  |TAMS 0x0000000093f00000, 0x0000000093f00000| Untracked 
| 276|0x0000000094000000, 0x0000000094000000, 0x0000000094100000|  0%| F|  |TAMS 0x0000000094000000, 0x0000000094000000| Untracked 
| 277|0x0000000094100000, 0x0000000094100000, 0x0000000094200000|  0%| F|  |TAMS 0x0000000094100000, 0x0000000094100000| Untracked 
| 278|0x0000000094200000, 0x0000000094200000, 0x0000000094300000|  0%| F|  |TAMS 0x0000000094200000, 0x0000000094200000| Untracked 
| 279|0x0000000094300000, 0x0000000094300000, 0x0000000094400000|  0%| F|  |TAMS 0x0000000094300000, 0x0000000094300000| Untracked 
| 280|0x0000000094400000, 0x0000000094400000, 0x0000000094500000|  0%| F|  |TAMS 0x0000000094400000, 0x0000000094400000| Untracked 
| 281|0x0000000094500000, 0x0000000094500000, 0x0000000094600000|  0%| F|  |TAMS 0x0000000094500000, 0x0000000094500000| Untracked 
| 282|0x0000000094600000, 0x0000000094600000, 0x0000000094700000|  0%| F|  |TAMS 0x0000000094600000, 0x0000000094600000| Untracked 
| 283|0x0000000094700000, 0x0000000094700000, 0x0000000094800000|  0%| F|  |TAMS 0x0000000094700000, 0x0000000094700000| Untracked 
| 284|0x0000000094800000, 0x0000000094800000, 0x0000000094900000|  0%| F|  |TAMS 0x0000000094800000, 0x0000000094800000| Untracked 
| 285|0x0000000094900000, 0x0000000094900000, 0x0000000094a00000|  0%| F|  |TAMS 0x0000000094900000, 0x0000000094900000| Untracked 
| 286|0x0000000094a00000, 0x0000000094a00000, 0x0000000094b00000|  0%| F|  |TAMS 0x0000000094a00000, 0x0000000094a00000| Untracked 
| 287|0x0000000094b00000, 0x0000000094b00000, 0x0000000094c00000|  0%| F|  |TAMS 0x0000000094b00000, 0x0000000094b00000| Untracked 
| 288|0x0000000094c00000, 0x0000000094c00000, 0x0000000094d00000|  0%| F|  |TAMS 0x0000000094c00000, 0x0000000094c00000| Untracked 
| 289|0x0000000094d00000, 0x0000000094d00000, 0x0000000094e00000|  0%| F|  |TAMS 0x0000000094d00000, 0x0000000094d00000| Untracked 
| 290|0x0000000094e00000, 0x0000000094e00000, 0x0000000094f00000|  0%| F|  |TAMS 0x0000000094e00000, 0x0000000094e00000| Untracked 
| 291|0x0000000094f00000, 0x0000000094f00000, 0x0000000095000000|  0%| F|  |TAMS 0x0000000094f00000, 0x0000000094f00000| Untracked 
| 292|0x0000000095000000, 0x0000000095000000, 0x0000000095100000|  0%| F|  |TAMS 0x0000000095000000, 0x0000000095000000| Untracked 
| 293|0x0000000095100000, 0x0000000095100000, 0x0000000095200000|  0%| F|  |TAMS 0x0000000095100000, 0x0000000095100000| Untracked 
| 294|0x0000000095200000, 0x0000000095200000, 0x0000000095300000|  0%| F|  |TAMS 0x0000000095200000, 0x0000000095200000| Untracked 
| 295|0x0000000095300000, 0x0000000095300000, 0x0000000095400000|  0%| F|  |TAMS 0x0000000095300000, 0x0000000095300000| Untracked 
| 296|0x0000000095400000, 0x0000000095400000, 0x0000000095500000|  0%| F|  |TAMS 0x0000000095400000, 0x0000000095400000| Untracked 
| 297|0x0000000095500000, 0x0000000095500000, 0x0000000095600000|  0%| F|  |TAMS 0x0000000095500000, 0x0000000095500000| Untracked 
| 298|0x0000000095600000, 0x0000000095600000, 0x0000000095700000|  0%| F|  |TAMS 0x0000000095600000, 0x0000000095600000| Untracked 
| 299|0x0000000095700000, 0x0000000095700000, 0x0000000095800000|  0%| F|  |TAMS 0x0000000095700000, 0x0000000095700000| Untracked 
| 300|0x0000000095800000, 0x0000000095800000, 0x0000000095900000|  0%| F|  |TAMS 0x0000000095800000, 0x0000000095800000| Untracked 
| 301|0x0000000095900000, 0x0000000095900000, 0x0000000095a00000|  0%| F|  |TAMS 0x0000000095900000, 0x0000000095900000| Untracked 
| 302|0x0000000095a00000, 0x0000000095a00000, 0x0000000095b00000|  0%| F|  |TAMS 0x0000000095a00000, 0x0000000095a00000| Untracked 
| 303|0x0000000095b00000, 0x0000000095b00000, 0x0000000095c00000|  0%| F|  |TAMS 0x0000000095b00000, 0x0000000095b00000| Untracked 
| 304|0x0000000095c00000, 0x0000000095c00000, 0x0000000095d00000|  0%| F|  |TAMS 0x0000000095c00000, 0x0000000095c00000| Untracked 
| 305|0x0000000095d00000, 0x0000000095d00000, 0x0000000095e00000|  0%| F|  |TAMS 0x0000000095d00000, 0x0000000095d00000| Untracked 
| 306|0x0000000095e00000, 0x0000000095e00000, 0x0000000095f00000|  0%| F|  |TAMS 0x0000000095e00000, 0x0000000095e00000| Untracked 
| 307|0x0000000095f00000, 0x0000000095f00000, 0x0000000096000000|  0%| F|  |TAMS 0x0000000095f00000, 0x0000000095f00000| Untracked 
| 308|0x0000000096000000, 0x0000000096000000, 0x0000000096100000|  0%| F|  |TAMS 0x0000000096000000, 0x0000000096000000| Untracked 
| 309|0x0000000096100000, 0x0000000096100000, 0x0000000096200000|  0%| F|  |TAMS 0x0000000096100000, 0x0000000096100000| Untracked 
| 310|0x0000000096200000, 0x0000000096200000, 0x0000000096300000|  0%| F|  |TAMS 0x0000000096200000, 0x0000000096200000| Untracked 
| 311|0x0000000096300000, 0x0000000096300000, 0x0000000096400000|  0%| F|  |TAMS 0x0000000096300000, 0x0000000096300000| Untracked 
| 312|0x0000000096400000, 0x0000000096500000, 0x0000000096500000|100%| E|  |TAMS 0x0000000096400000, 0x0000000096400000| Complete 
| 313|0x0000000096500000, 0x0000000096600000, 0x0000000096600000|100%| E|CS|TAMS 0x0000000096500000, 0x0000000096500000| Complete 
| 314|0x0000000096600000, 0x0000000096700000, 0x0000000096700000|100%| E|CS|TAMS 0x0000000096600000, 0x0000000096600000| Complete 
| 315|0x0000000096700000, 0x0000000096800000, 0x0000000096800000|100%| E|CS|TAMS 0x0000000096700000, 0x0000000096700000| Complete 
| 316|0x0000000096800000, 0x0000000096900000, 0x0000000096900000|100%| E|CS|TAMS 0x0000000096800000, 0x0000000096800000| Complete 
| 317|0x0000000096900000, 0x0000000096a00000, 0x0000000096a00000|100%| E|CS|TAMS 0x0000000096900000, 0x0000000096900000| Complete 
| 318|0x0000000096a00000, 0x0000000096b00000, 0x0000000096b00000|100%| E|CS|TAMS 0x0000000096a00000, 0x0000000096a00000| Complete 
| 319|0x0000000096b00000, 0x0000000096c00000, 0x0000000096c00000|100%| E|CS|TAMS 0x0000000096b00000, 0x0000000096b00000| Complete 
| 320|0x0000000096c00000, 0x0000000096d00000, 0x0000000096d00000|100%| E|CS|TAMS 0x0000000096c00000, 0x0000000096c00000| Complete 
| 321|0x0000000096d00000, 0x0000000096e00000, 0x0000000096e00000|100%| E|CS|TAMS 0x0000000096d00000, 0x0000000096d00000| Complete 
| 322|0x0000000096e00000, 0x0000000096f00000, 0x0000000096f00000|100%| E|CS|TAMS 0x0000000096e00000, 0x0000000096e00000| Complete 
| 323|0x0000000096f00000, 0x0000000097000000, 0x0000000097000000|100%| E|CS|TAMS 0x0000000096f00000, 0x0000000096f00000| Complete 
| 324|0x0000000097000000, 0x0000000097100000, 0x0000000097100000|100%| E|CS|TAMS 0x0000000097000000, 0x0000000097000000| Complete 
| 325|0x0000000097100000, 0x0000000097200000, 0x0000000097200000|100%| E|CS|TAMS 0x0000000097100000, 0x0000000097100000| Complete 
| 326|0x0000000097200000, 0x0000000097300000, 0x0000000097300000|100%| E|CS|TAMS 0x0000000097200000, 0x0000000097200000| Complete 
| 327|0x0000000097300000, 0x0000000097400000, 0x0000000097400000|100%| E|CS|TAMS 0x0000000097300000, 0x0000000097300000| Complete 
| 328|0x0000000097400000, 0x0000000097500000, 0x0000000097500000|100%| E|CS|TAMS 0x0000000097400000, 0x0000000097400000| Complete 
| 329|0x0000000097500000, 0x0000000097600000, 0x0000000097600000|100%| E|CS|TAMS 0x0000000097500000, 0x0000000097500000| Complete 

Card table byte_map: [0x00000203fd0e0000,0x00000203fd4d0000] _byte_map_base: 0x00000203fccca000

Marking Bits (Prev, Next): (CMBitMap*) 0x00000203f9b9db00, (CMBitMap*) 0x00000203f9b9db40
 Prev Bits: [0x00000203fd8c0000, 0x00000203ff810000)
 Next Bits: [0x000002038f000000, 0x0000020390f50000)

Polling page: 0x00000203f7a80000

Metaspace:

Usage:
  Non-class:     86.31 MB used.
      Class:     11.39 MB used.
       Both:     97.70 MB used.

Virtual space:
  Non-class space:      192.00 MB reserved,     100.75 MB ( 52%) committed,  3 nodes.
      Class space:        1.00 GB reserved,      13.19 MB (  1%) committed,  1 nodes.
             Both:        1.19 GB reserved,     113.94 MB (  9%) committed. 

Chunk freelists:
   Non-Class:  105.23 MB
       Class:  20.12 MB
        Both:  125.36 MB

MaxMetaspaceSize: unlimited
CompressedClassSpaceSize: 1.00 GB
Initial GC threshold: 21.00 MB
Current GC threshold: 352.19 MB
CDS: off
MetaspaceReclaimPolicy: balanced
 - commit_granule_bytes: 65536.
 - commit_granule_words: 8192.
 - virtual_space_node_default_size: 8388608.
 - enlarge_chunks_in_place: 1.
 - new_chunks_are_fully_committed: 0.
 - uncommit_free_chunks: 1.
 - use_allocation_guard: 0.
 - handle_deallocations: 1.


Internal statistics:

num_allocs_failed_limit: 6.
num_arena_births: 5032.
num_arena_deaths: 3922.
num_vsnodes_births: 4.
num_vsnodes_deaths: 0.
num_space_committed: 3417.
num_space_uncommitted: 1594.
num_chunks_returned_to_freelist: 13324.
num_chunks_taken_from_freelist: 18507.
num_chunk_merges: 4030.
num_chunk_splits: 9378.
num_chunks_enlarged: 5341.
num_inconsistent_stats: 0.

CodeHeap 'non-profiled nmethods': size=120000Kb used=30781Kb max_used=30781Kb free=89219Kb
 bounds [0x0000020387ad0000, 0x00000203898e0000, 0x000002038f000000]
CodeHeap 'profiled nmethods': size=120000Kb used=41215Kb max_used=41215Kb free=78784Kb
 bounds [0x0000020380000000, 0x0000020382850000, 0x0000020387530000]
CodeHeap 'non-nmethods': size=5760Kb used=1354Kb max_used=1489Kb free=4405Kb
 bounds [0x0000020387530000, 0x00000203877a0000, 0x0000020387ad0000]
 total_blobs=22464 nmethods=21775 adapters=600
 compilation: enabled
              stopped_count=0, restarted_count=0
 full_count=0

Compilation events (20 events):
Event: 42052.789 Thread 0x00000203934dad30 29323       2       java.lang.AbstractStringBuilder::append (67 bytes)
Event: 42052.789 Thread 0x00000203934dad30 nmethod 29323 0x0000020382844910 code [0x0000020382844ae0, 0x0000020382844d28]
Event: 42052.789 Thread 0x00000203934dad30 29324       2       java.lang.AbstractStringBuilder::getBytes (44 bytes)
Event: 42052.790 Thread 0x00000203934dad30 nmethod 29324 0x0000020382844e90 code [0x0000020382845040, 0x0000020382845278]
Event: 42052.790 Thread 0x00000203934dad30 29325       2       com.fasterxml.jackson.databind.introspect.AnnotatedClassResolver::createPrimordial (9 bytes)
Event: 42052.790 Thread 0x00000203934dad30 nmethod 29325 0x0000020382845310 code [0x00000203828454a0, 0x0000020382845608]
Event: 42052.791 Thread 0x00000203934dad30 29327       2       com.fasterxml.jackson.databind.deser.std.BaseNodeDeserializer::_shouldMerge (20 bytes)
Event: 42052.791 Thread 0x00000203934dad30 nmethod 29327 0x0000020382845710 code [0x00000203828458c0, 0x0000020382845a38]
Event: 42052.791 Thread 0x00000203934dad30 29326       1       com.fasterxml.jackson.databind.deser.std.BaseNodeDeserializer::isCachable (2 bytes)
Event: 42052.791 Thread 0x00000203934dad30 nmethod 29326 0x00000203898c6610 code [0x00000203898c67a0, 0x00000203898c6878]
Event: 42052.793 Thread 0x00000203934dad30 29328       2       com.fasterxml.jackson.core.json.JsonWriteContext::reset (41 bytes)
Event: 42052.793 Thread 0x00000203934dad30 nmethod 29328 0x0000020382845b10 code [0x0000020382845cc0, 0x0000020382845e68]
Event: 42052.808 Thread 0x00000203934d8360 nmethod 29248 0x00000203898c6910 code [0x00000203898c6e00, 0x00000203898cd280]
Event: 42052.808 Thread 0x00000203934d8360 29253       4       com.fasterxml.jackson.databind.introspect.POJOPropertiesCollector::_addCreators (407 bytes)
Event: 42052.887 Thread 0x00000203934d8360 nmethod 29253 0x00000203898cfe10 code [0x00000203898d0140, 0x00000203898d2628]
Event: 42052.887 Thread 0x00000203934d8360 29273       4       com.fasterxml.jackson.databind.introspect.AnnotatedFieldCollector::collect (85 bytes)
Event: 42052.905 Thread 0x00000203934d8360 nmethod 29273 0x00000203898d4110 code [0x00000203898d4300, 0x00000203898d54e8]
Event: 42052.905 Thread 0x00000203934d8360 29254       4       com.fasterxml.jackson.databind.introspect.POJOPropertiesCollector::_sortProperties (667 bytes)
Event: 42053.169 Thread 0x00000203934d8360 nmethod 29254 0x00000203898d5e10 code [0x00000203898d6240, 0x00000203898dc208]
Event: 42053.170 Thread 0x00000203934d8360 29265       4       com.fasterxml.jackson.databind.introspect.POJOPropertiesCollector::_addFields (566 bytes)

GC Heap History (20 events):
Event: 41817.144 GC heap before
{Heap before GC invocations=719 (full 111):
 garbage-first heap   total 112640K, used 99788K [0x0000000082c00000, 0x0000000100000000)
  region size 1024K, 56 young (57344K), 1 survivors (1024K)
 Metaspace       used 100121K, committed 116736K, reserved 1245184K
  class space    used 11672K, committed 13504K, reserved 1048576K
}
Event: 41817.146 GC heap after
{Heap after GC invocations=720 (full 111):
 garbage-first heap   total 112640K, used 43508K [0x0000000082c00000, 0x0000000100000000)
  region size 1024K, 1 young (1024K), 1 survivors (1024K)
 Metaspace       used 100121K, committed 116736K, reserved 1245184K
  class space    used 11672K, committed 13504K, reserved 1048576K
}
Event: 41911.501 GC heap before
{Heap before GC invocations=720 (full 111):
 garbage-first heap   total 112640K, used 99828K [0x0000000082c00000, 0x0000000100000000)
  region size 1024K, 56 young (57344K), 1 survivors (1024K)
 Metaspace       used 100124K, committed 116736K, reserved 1245184K
  class space    used 11672K, committed 13504K, reserved 1048576K
}
Event: 41911.508 GC heap after
{Heap after GC invocations=721 (full 111):
 garbage-first heap   total 112640K, used 43695K [0x0000000082c00000, 0x0000000100000000)
  region size 1024K, 1 young (1024K), 1 survivors (1024K)
 Metaspace       used 100124K, committed 116736K, reserved 1245184K
  class space    used 11672K, committed 13504K, reserved 1048576K
}
Event: 41911.614 GC heap before
{Heap before GC invocations=721 (full 111):
 garbage-first heap   total 112640K, used 43695K [0x0000000082c00000, 0x0000000100000000)
  region size 1024K, 2 young (2048K), 1 survivors (1024K)
 Metaspace       used 100125K, committed 116736K, reserved 1245184K
  class space    used 11672K, committed 13504K, reserved 1048576K
}
Event: 41912.965 GC heap after
{Heap after GC invocations=722 (full 112):
 garbage-first heap   total 112640K, used 31982K [0x0000000082c00000, 0x0000000100000000)
  region size 1024K, 0 young (0K), 0 survivors (0K)
 Metaspace       used 98841K, committed 116672K, reserved 1245184K
  class space    used 11560K, committed 13504K, reserved 1048576K
}
Event: 41913.723 GC heap before
{Heap before GC invocations=722 (full 112):
 garbage-first heap   total 112640K, used 97518K [0x0000000082c00000, 0x0000000100000000)
  region size 1024K, 65 young (66560K), 0 survivors (0K)
 Metaspace       used 99291K, committed 116672K, reserved 1245184K
  class space    used 11609K, committed 13504K, reserved 1048576K
}
Event: 41913.735 GC heap after
{Heap after GC invocations=723 (full 112):
 garbage-first heap   total 112640K, used 38211K [0x0000000082c00000, 0x0000000100000000)
  region size 1024K, 7 young (7168K), 7 survivors (7168K)
 Metaspace       used 99291K, committed 116672K, reserved 1245184K
  class space    used 11609K, committed 13504K, reserved 1048576K
}
Event: 41914.114 GC heap before
{Heap before GC invocations=723 (full 112):
 garbage-first heap   total 112640K, used 91459K [0x0000000082c00000, 0x0000000100000000)
  region size 1024K, 59 young (60416K), 7 survivors (7168K)
 Metaspace       used 99767K, committed 116672K, reserved 1245184K
  class space    used 11651K, committed 13504K, reserved 1048576K
}
Event: 41914.129 GC heap after
{Heap after GC invocations=724 (full 112):
 garbage-first heap   total 112640K, used 41757K [0x0000000082c00000, 0x0000000100000000)
  region size 1024K, 4 young (4096K), 4 survivors (4096K)
 Metaspace       used 99767K, committed 116672K, reserved 1245184K
  class space    used 11651K, committed 13504K, reserved 1048576K
}
Event: 41927.958 GC heap before
{Heap before GC invocations=724 (full 112):
 garbage-first heap   total 112640K, used 90909K [0x0000000082c00000, 0x0000000100000000)
  region size 1024K, 52 young (53248K), 4 survivors (4096K)
 Metaspace       used 99997K, committed 116672K, reserved 1245184K
  class space    used 11669K, committed 13504K, reserved 1048576K
}
Event: 41927.962 GC heap after
{Heap after GC invocations=725 (full 112):
 garbage-first heap   total 112640K, used 44352K [0x0000000082c00000, 0x0000000100000000)
  region size 1024K, 4 young (4096K), 4 survivors (4096K)
 Metaspace       used 99997K, committed 116672K, reserved 1245184K
  class space    used 11669K, committed 13504K, reserved 1048576K
}
Event: 42005.258 GC heap before
{Heap before GC invocations=725 (full 112):
 garbage-first heap   total 112640K, used 90432K [0x0000000082c00000, 0x0000000100000000)
  region size 1024K, 49 young (50176K), 4 survivors (4096K)
 Metaspace       used 99997K, committed 116672K, reserved 1245184K
  class space    used 11669K, committed 13504K, reserved 1048576K
}
Event: 42005.262 GC heap after
{Heap after GC invocations=726 (full 112):
 garbage-first heap   total 112640K, used 44235K [0x0000000082c00000, 0x0000000100000000)
  region size 1024K, 3 young (3072K), 3 survivors (3072K)
 Metaspace       used 99997K, committed 116672K, reserved 1245184K
  class space    used 11669K, committed 13504K, reserved 1048576K
}
Event: 42052.519 GC heap before
{Heap before GC invocations=727 (full 112):
 garbage-first heap   total 112640K, used 91339K [0x0000000082c00000, 0x0000000100000000)
  region size 1024K, 50 young (51200K), 3 survivors (3072K)
 Metaspace       used 100036K, committed 116672K, reserved 1245184K
  class space    used 11666K, committed 13504K, reserved 1048576K
}
Event: 42052.524 GC heap after
{Heap after GC invocations=728 (full 112):
 garbage-first heap   total 112640K, used 45582K [0x0000000082c00000, 0x0000000100000000)
  region size 1024K, 5 young (5120K), 5 survivors (5120K)
 Metaspace       used 100036K, committed 116672K, reserved 1245184K
  class space    used 11666K, committed 13504K, reserved 1048576K
}
Event: 42052.526 GC heap before
{Heap before GC invocations=728 (full 112):
 garbage-first heap   total 112640K, used 46606K [0x0000000082c00000, 0x0000000100000000)
  region size 1024K, 6 young (6144K), 5 survivors (5120K)
 Metaspace       used 100036K, committed 116672K, reserved 1245184K
  class space    used 11666K, committed 13504K, reserved 1048576K
}
Event: 42052.531 GC heap after
{Heap after GC invocations=729 (full 112):
 garbage-first heap   total 112640K, used 40970K [0x0000000082c00000, 0x0000000100000000)
  region size 1024K, 1 young (1024K), 1 survivors (1024K)
 Metaspace       used 100036K, committed 116672K, reserved 1245184K
  class space    used 11666K, committed 13504K, reserved 1048576K
}
Event: 42052.740 GC heap before
{Heap before GC invocations=729 (full 112):
 garbage-first heap   total 112640K, used 93194K [0x0000000082c00000, 0x0000000100000000)
  region size 1024K, 52 young (53248K), 1 survivors (1024K)
 Metaspace       used 100044K, committed 116672K, reserved 1245184K
  class space    used 11666K, committed 13504K, reserved 1048576K
}
Event: 42052.749 GC heap after
{Heap after GC invocations=730 (full 112):
 garbage-first heap   total 337920K, used 40875K [0x0000000082c00000, 0x0000000100000000)
  region size 1024K, 1 young (1024K), 1 survivors (1024K)
 Metaspace       used 100044K, committed 116672K, reserved 1245184K
  class space    used 11666K, committed 13504K, reserved 1048576K
}

Dll operation events (9 events):
Event: 0.061 Loaded shared library C:\Users\aroda\.vscode\extensions\redhat.java-1.22.1-win32-x64\jre\17.0.8.1-win32-x86_64\bin\java.dll
Event: 0.196 Loaded shared library C:\Users\aroda\.vscode\extensions\redhat.java-1.22.1-win32-x64\jre\17.0.8.1-win32-x86_64\bin\net.dll
Event: 0.219 Loaded shared library C:\Users\aroda\.vscode\extensions\redhat.java-1.22.1-win32-x64\jre\17.0.8.1-win32-x86_64\bin\nio.dll
Event: 0.223 Loaded shared library C:\Users\aroda\.vscode\extensions\redhat.java-1.22.1-win32-x64\jre\17.0.8.1-win32-x86_64\bin\zip.dll
Event: 0.309 Loaded shared library C:\Users\aroda\.vscode\extensions\redhat.java-1.22.1-win32-x64\jre\17.0.8.1-win32-x86_64\bin\jimage.dll
Event: 0.568 Loaded shared library C:\Users\aroda\.vscode\extensions\redhat.java-1.22.1-win32-x64\jre\17.0.8.1-win32-x86_64\bin\management.dll
Event: 0.585 Loaded shared library C:\Users\aroda\.vscode\extensions\redhat.java-1.22.1-win32-x64\jre\17.0.8.1-win32-x86_64\bin\management_ext.dll
Event: 3.135 Loaded shared library C:\Users\aroda\.vscode\extensions\redhat.java-1.22.1-win32-x64\jre\17.0.8.1-win32-x86_64\bin\sunmscapi.dll
Event: 4.041 Loaded shared library C:\Users\aroda\.vscode\extensions\redhat.java-1.22.1-win32-x64\jre\17.0.8.1-win32-x86_64\bin\verify.dll

Deoptimization events (20 events):
Event: 41913.680 Thread 0x0000020398a822b0 DEOPT PACKING pc=0x000002038844c9bc sp=0x00000021e4cfd7a0
Event: 41913.680 Thread 0x0000020398a822b0 DEOPT UNPACKING pc=0x00000203875869a3 sp=0x00000021e4cfd710 mode 2
Event: 41914.172 Thread 0x0000020398a822b0 DEOPT PACKING pc=0x000002038162c70c sp=0x00000021e4cfcb60
Event: 41914.172 Thread 0x0000020398a822b0 DEOPT UNPACKING pc=0x0000020387587143 sp=0x00000021e4cfc088 mode 0
Event: 42052.416 Thread 0x000002039935d0a0 Uncommon trap: trap_request=0xffffffbe fr.pc=0x00000203898b7cf4 relative=0x0000000000001f34
Event: 42052.416 Thread 0x000002039935d0a0 Uncommon trap: reason=profile_predicate action=maybe_recompile pc=0x00000203898b7cf4 method=org.springframework.beans.factory.support.DefaultListableBeanFactory.getBeanNamesForAnnotation(Ljava/lang/Class;)[Ljava/lang/String; @ 107 c2
Event: 42052.416 Thread 0x000002039935d0a0 DEOPT PACKING pc=0x00000203898b7cf4 sp=0x00000021e56fa940
Event: 42052.416 Thread 0x000002039935d0a0 DEOPT UNPACKING pc=0x00000203875869a3 sp=0x00000021e56fa940 mode 2
Event: 42052.458 Thread 0x000002039935d0a0 Uncommon trap: trap_request=0xffffffbe fr.pc=0x00000203898b7cf4 relative=0x0000000000001f34
Event: 42052.458 Thread 0x000002039935d0a0 Uncommon trap: reason=profile_predicate action=maybe_recompile pc=0x00000203898b7cf4 method=org.springframework.beans.factory.support.DefaultListableBeanFactory.getBeanNamesForAnnotation(Ljava/lang/Class;)[Ljava/lang/String; @ 107 c2
Event: 42052.458 Thread 0x000002039935d0a0 DEOPT PACKING pc=0x00000203898b7cf4 sp=0x00000021e56fa930
Event: 42052.458 Thread 0x000002039935d0a0 DEOPT UNPACKING pc=0x00000203875869a3 sp=0x00000021e56fa930 mode 2
Event: 42052.497 Thread 0x000002039935d0a0 Uncommon trap: trap_request=0xfffffff4 fr.pc=0x00000203880dd768 relative=0x00000000000000c8
Event: 42052.497 Thread 0x000002039935d0a0 Uncommon trap: reason=null_check action=make_not_entrant pc=0x00000203880dd768 method=org.springdoc.core.converters.ConverterUtils.lambda$isResponseTypeWrapper$0(Ljava/lang/Class;Ljava/lang/Class;)Z @ 2 c2
Event: 42052.497 Thread 0x000002039935d0a0 DEOPT PACKING pc=0x00000203880dd768 sp=0x00000021e56f5570
Event: 42052.497 Thread 0x000002039935d0a0 DEOPT UNPACKING pc=0x00000203875869a3 sp=0x00000021e56f5490 mode 2
Event: 42052.753 Thread 0x000002039935d0a0 Uncommon trap: trap_request=0xffffffc6 fr.pc=0x0000020389416ed0 relative=0x00000000000004f0
Event: 42052.753 Thread 0x000002039935d0a0 Uncommon trap: reason=bimorphic_or_optimized_type_check action=maybe_recompile pc=0x0000020389416ed0 method=java.util.ServiceLoader$ModuleServicesLookupIterator.hasNext()Z @ 18 c2
Event: 42052.753 Thread 0x000002039935d0a0 DEOPT PACKING pc=0x0000020389416ed0 sp=0x00000021e56f9500
Event: 42052.753 Thread 0x000002039935d0a0 DEOPT UNPACKING pc=0x00000203875869a3 sp=0x00000021e56f9458 mode 2

Classes unloaded (20 events):
Event: 41911.691 Thread 0x0000020393476a60 Unloading class 0x0000000100cf9878 'pe/edu/upeu/asistencia/controllers/FacultadController'
Event: 41911.691 Thread 0x0000020393476a60 Unloading class 0x0000000100cf9660 'pe/edu/upeu/asistencia/controllers/AuthController'
Event: 41911.691 Thread 0x0000020393476a60 Unloading class 0x0000000100cf9430 'pe/edu/upeu/asistencia/controllers/ActividadController'
Event: 41911.691 Thread 0x0000020393476a60 Unloading class 0x0000000100cf9228 'pe/edu/upeu/asistencia/configuration/WebConfig'
Event: 41911.691 Thread 0x0000020393476a60 Unloading class 0x0000000100cf9000 'pe/edu/upeu/asistencia/configuration/UserAuthenticationProvider'
Event: 41911.691 Thread 0x0000020393476a60 Unloading class 0x0000000100cf2c18 'pe/edu/upeu/asistencia/configuration/UserAuthenticationEntryPoint'
Event: 41911.691 Thread 0x0000020393476a60 Unloading class 0x0000000100cf2a08 'pe/edu/upeu/asistencia/configuration/SecurityConfig'
Event: 41911.691 Thread 0x0000020393476a60 Unloading class 0x0000000100cf2800 'pe/edu/upeu/asistencia/configuration/RestExceptionHandler'
Event: 41911.691 Thread 0x0000020393476a60 Unloading class 0x0000000100cf8c08 'pe/edu/upeu/asistencia/configuration/PasswordConfig'
Event: 41911.691 Thread 0x0000020393476a60 Unloading class 0x0000000100cf8a00 'pe/edu/upeu/asistencia/configuration/CustomOpenAPIConfig'
Event: 41911.691 Thread 0x0000020393476a60 Unloading class 0x0000000100cf8800 'pe/edu/upeu/asistencia/SysAsistenciaAnApplication'
Event: 42005.280 Thread 0x0000020393476a60 Unloading class 0x0000000100c9c000 'jdk/internal/reflect/GeneratedSerializationConstructorAccessor777'
Event: 42005.280 Thread 0x0000020393476a60 Unloading class 0x0000000100c81c00 'jdk/internal/reflect/GeneratedSerializationConstructorAccessor776'
Event: 42005.280 Thread 0x0000020393476a60 Unloading class 0x0000000101774000 'jdk/internal/reflect/GeneratedSerializationConstructorAccessor775'
Event: 42005.280 Thread 0x0000020393476a60 Unloading class 0x0000000100cf1000 'org/apache/catalina/loader/JdbcLeakPrevention'
Event: 42005.280 Thread 0x0000020393476a60 Unloading class 0x0000000100bb8400 'jdk/internal/reflect/GeneratedMethodAccessor384'
Event: 42005.280 Thread 0x0000020393476a60 Unloading class 0x0000000100cb1800 'jdk/internal/reflect/GeneratedMethodAccessor381'
Event: 42005.280 Thread 0x0000020393476a60 Unloading class 0x0000000100cbcc00 'jdk/internal/reflect/GeneratedMethodAccessor380'
Event: 42005.280 Thread 0x0000020393476a60 Unloading class 0x0000000100c22c00 'jdk/internal/reflect/GeneratedConstructorAccessor617'
Event: 42005.280 Thread 0x0000020393476a60 Unloading class 0x0000000100504400 'jdk/internal/reflect/GeneratedConstructorAccessor616'

Classes redefined (0 events):
No events

Internal exceptions (20 events):
Event: 41911.156 Thread 0x00000203993589c0 Implicit null exception at 0x00000203893efce4 to 0x00000203893f55b4
Event: 41911.168 Thread 0x00000203993589c0 Implicit null exception at 0x0000020388c8cee0 to 0x0000020388c8d598
Event: 41911.172 Thread 0x00000203993589c0 Implicit null exception at 0x0000020388ecc9c4 to 0x0000020388ecca25
Event: 41911.513 Thread 0x000002039935c170 Exception <a 'java/lang/InterruptedException'{0x00000000899a8948}: sleep interrupted> (0x00000000899a8948) 
thrown [s\src\hotspot\share\prims\jvm.cpp, line 3070]
Event: 41913.068 Thread 0x0000020398a822b0 Exception <a 'sun/nio/fs/WindowsException'{0x00000000898e57a8}> (0x00000000898e57a8) 
thrown [s\src\hotspot\share\prims\jni.cpp, line 516]
Event: 41913.459 Thread 0x0000020398a822b0 Exception <a 'java/lang/NoClassDefFoundError'{0x00000000874ec248}: org/flywaydb/core/Flyway> (0x00000000874ec248) 
thrown [s\src\hotspot\share\oops\constantPool.cpp, line 835]
Event: 41913.459 Thread 0x0000020398a822b0 Exception <a 'java/lang/NoClassDefFoundError'{0x00000000874ec898}: liquibase/integration/spring/SpringLiquibase> (0x00000000874ec898) 
thrown [s\src\hotspot\share\oops\constantPool.cpp, line 835]
Event: 41913.468 Thread 0x0000020398a822b0 Exception <a 'java/lang/NoClassDefFoundError'{0x000000008736a3d8}: org/jooq/DSLContext> (0x000000008736a3d8) 
thrown [s\src\hotspot\share\oops\constantPool.cpp, line 835]
Event: 41913.469 Thread 0x0000020398a822b0 Exception <a 'java/lang/NoClassDefFoundError'{0x000000008737a258}: org/springframework/batch/core/repository/JobRepository> (0x000000008737a258) 
thrown [s\src\hotspot\share\oops\constantPool.cpp, line 835]
Event: 41913.469 Thread 0x0000020398a822b0 Exception <a 'java/lang/NoClassDefFoundError'{0x000000008737a8a0}: org/quartz/Scheduler> (0x000000008737a8a0) 
thrown [s\src\hotspot\share\oops\constantPool.cpp, line 835]
Event: 41913.469 Thread 0x0000020398a822b0 Exception <a 'java/lang/NoClassDefFoundError'{0x000000008737af10}: org/springframework/session/jdbc/JdbcIndexedSessionRepository> (0x000000008737af10) 
thrown [s\src\hotspot\share\oops\constantPool.cpp, line 835]
Event: 41913.528 Thread 0x0000020398a822b0 Exception <a 'sun/nio/fs/WindowsException'{0x0000000086c5f058}> (0x0000000086c5f058) 
thrown [s\src\hotspot\share\prims\jni.cpp, line 516]
Event: 41913.528 Thread 0x0000020398a822b0 Exception <a 'sun/nio/fs/WindowsException'{0x0000000086c5f5f8}> (0x0000000086c5f5f8) 
thrown [s\src\hotspot\share\prims\jni.cpp, line 516]
Event: 41913.528 Thread 0x0000020398a822b0 Exception <a 'sun/nio/fs/WindowsException'{0x0000000086c5fb90}> (0x0000000086c5fb90) 
thrown [s\src\hotspot\share\prims\jni.cpp, line 516]
Event: 41913.574 Thread 0x0000020398a822b0 Exception <a 'java/io/FileNotFoundException'{0x0000000086c97b20}> (0x0000000086c97b20) 
thrown [s\src\hotspot\share\prims\jni.cpp, line 516]
Event: 41913.610 Thread 0x0000020398a822b0 Exception <a 'java/io/FileNotFoundException'{0x000000008679f6c0}> (0x000000008679f6c0) 
thrown [s\src\hotspot\share\prims\jni.cpp, line 516]
Event: 41914.072 Thread 0x0000020398a822b0 Exception <a 'java/lang/reflect/InvocationTargetException'{0x0000000087bd1068}> (0x0000000087bd1068) 
thrown [s\src\hotspot\share\runtime\reflection.cpp, line 1121]
Event: 41914.081 Thread 0x0000020398a822b0 Exception <a 'java/lang/reflect/InvocationTargetException'{0x00000000876f9eb8}> (0x00000000876f9eb8) 
thrown [s\src\hotspot\share\runtime\reflection.cpp, line 1121]
Event: 41914.094 Thread 0x0000020398a822b0 Exception <a 'java/lang/reflect/InvocationTargetException'{0x0000000086e6ffd0}> (0x0000000086e6ffd0) 
thrown [s\src\hotspot\share\runtime\reflection.cpp, line 1121]
Event: 41914.139 Thread 0x0000020398a822b0 Exception <a 'java/lang/reflect/InvocationTargetException'{0x00000000891c5620}> (0x00000000891c5620) 
thrown [s\src\hotspot\share\runtime\reflection.cpp, line 1121]

VM Operations (20 events):
Event: 41914.114 Executing VM operation: G1CollectForAllocation
Event: 41914.129 Executing VM operation: G1CollectForAllocation done
Event: 41916.134 Executing VM operation: Cleanup
Event: 41916.134 Executing VM operation: Cleanup done
Event: 41927.958 Executing VM operation: G1CollectForAllocation
Event: 41927.962 Executing VM operation: G1CollectForAllocation done
Event: 41970.378 Executing VM operation: HandshakeAllThreads
Event: 41970.378 Executing VM operation: HandshakeAllThreads done
Event: 42005.258 Executing VM operation: G1CollectForAllocation
Event: 42005.262 Executing VM operation: G1CollectForAllocation done
Event: 42005.280 Executing VM operation: G1PauseRemark
Event: 42005.299 Executing VM operation: G1PauseRemark done
Event: 42005.307 Executing VM operation: G1PauseCleanup
Event: 42005.307 Executing VM operation: G1PauseCleanup done
Event: 42052.519 Executing VM operation: G1CollectForAllocation
Event: 42052.524 Executing VM operation: G1CollectForAllocation done
Event: 42052.526 Executing VM operation: G1CollectForAllocation
Event: 42052.531 Executing VM operation: G1CollectForAllocation done
Event: 42052.740 Executing VM operation: G1CollectForAllocation
Event: 42052.749 Executing VM operation: G1CollectForAllocation done

Events (20 events):
Event: 41914.212 loading class java/time/DurationEditor done
Event: 41914.261 Thread 0x000002039935bc60 Thread added: 0x000002039935bc60
Event: 41914.264 Thread 0x000002039935d5b0 Thread added: 0x000002039935d5b0
Event: 41914.264 Thread 0x000002039935c170 Thread added: 0x000002039935c170
Event: 41914.264 Thread 0x000002039935d0a0 Thread added: 0x000002039935d0a0
Event: 41914.265 Thread 0x000002039935dac0 Thread added: 0x000002039935dac0
Event: 41914.265 Thread 0x0000020399357a90 Thread added: 0x0000020399357a90
Event: 41914.265 Thread 0x000002039935dfd0 Thread added: 0x000002039935dfd0
Event: 41914.265 Thread 0x0000020399356b60 Thread added: 0x0000020399356b60
Event: 41914.265 Thread 0x000002039935e4e0 Thread added: 0x000002039935e4e0
Event: 41914.265 Thread 0x0000020399357fa0 Thread added: 0x0000020399357fa0
Event: 41914.265 Thread 0x00000203993584b0 Thread added: 0x00000203993584b0
Event: 41914.268 Thread 0x00000203993589c0 Thread added: 0x00000203993589c0
Event: 41914.268 Thread 0x0000020399358ed0 Thread added: 0x0000020399358ed0
Event: 41914.275 Thread 0x0000020398a822b0 Thread exited: 0x0000020398a822b0
Event: 41914.275 Thread 0x0000020398a80960 Thread exited: 0x0000020398a80960
Event: 41918.882 Thread 0x000002039935b240 Thread exited: 0x000002039935b240
Event: 42052.458 Thread 0x00000203993598f0 Thread added: 0x00000203993598f0
Event: 42052.458 Thread 0x0000020399359e00 Thread added: 0x0000020399359e00
Event: 42052.458 Thread 0x000002039935b240 Thread added: 0x000002039935b240


Dynamic libraries:
0x00007ff60bb80000 - 0x00007ff60bb8e000 	C:\Users\aroda\.vscode\extensions\redhat.java-1.22.1-win32-x64\jre\17.0.8.1-win32-x86_64\bin\java.exe
0x00007ffbbf750000 - 0x00007ffbbf964000 	C:\Windows\SYSTEM32\ntdll.dll
0x00007ffbbe5d0000 - 0x00007ffbbe694000 	C:\Windows\System32\KERNEL32.DLL
0x00007ffbbd0c0000 - 0x00007ffbbd464000 	C:\Windows\System32\KERNELBASE.dll
0x00007ffbbceb0000 - 0x00007ffbbcfc1000 	C:\Windows\System32\ucrtbase.dll
0x00007ffb43820000 - 0x00007ffb43839000 	C:\Users\aroda\.vscode\extensions\redhat.java-1.22.1-win32-x64\jre\17.0.8.1-win32-x86_64\bin\VCRUNTIME140.dll
0x00007ffb43840000 - 0x00007ffb43857000 	C:\Users\aroda\.vscode\extensions\redhat.java-1.22.1-win32-x64\jre\17.0.8.1-win32-x86_64\bin\jli.dll
0x00007ffbbd6f0000 - 0x00007ffbbd89e000 	C:\Windows\System32\USER32.dll
0x00007ffbbd090000 - 0x00007ffbbd0b6000 	C:\Windows\System32\win32u.dll
0x00007ffbbece0000 - 0x00007ffbbed09000 	C:\Windows\System32\GDI32.dll
0x00007ffba57e0000 - 0x00007ffba5a73000 	C:\Windows\WinSxS\amd64_microsoft.windows.common-controls_6595b64144ccf1df_6.0.22621.2215_none_270d72677387dfc3\COMCTL32.dll
0x00007ffbbcba0000 - 0x00007ffbbccb8000 	C:\Windows\System32\gdi32full.dll
0x00007ffbbda40000 - 0x00007ffbbdae7000 	C:\Windows\System32\msvcrt.dll
0x00007ffbbcb00000 - 0x00007ffbbcb9a000 	C:\Windows\System32\msvcp_win.dll
0x00007ffbbdaf0000 - 0x00007ffbbdb21000 	C:\Windows\System32\IMM32.DLL
0x00007ffb7c140000 - 0x00007ffb7c14c000 	C:\Users\aroda\.vscode\extensions\redhat.java-1.22.1-win32-x64\jre\17.0.8.1-win32-x86_64\bin\vcruntime140_1.dll
0x00007ffb41a10000 - 0x00007ffb41aa1000 	C:\Users\aroda\.vscode\extensions\redhat.java-1.22.1-win32-x64\jre\17.0.8.1-win32-x86_64\bin\msvcp140.dll
0x00007ffb3f7c0000 - 0x00007ffb4040c000 	C:\Users\aroda\.vscode\extensions\redhat.java-1.22.1-win32-x64\jre\17.0.8.1-win32-x86_64\bin\server\jvm.dll
0x00007ffbbe960000 - 0x00007ffbbea10000 	C:\Windows\System32\ADVAPI32.dll
0x00007ffbbdb30000 - 0x00007ffbbdbd6000 	C:\Windows\System32\sechost.dll
0x00007ffbbd8a0000 - 0x00007ffbbd9b7000 	C:\Windows\System32\RPCRT4.dll
0x00007ffbbb970000 - 0x00007ffbbb9bd000 	C:\Windows\SYSTEM32\POWRPROF.dll
0x00007ffbaaae0000 - 0x00007ffbaab14000 	C:\Windows\SYSTEM32\WINMM.dll
0x00007ffbb74f0000 - 0x00007ffbb74fa000 	C:\Windows\SYSTEM32\VERSION.dll
0x00007ffb6c8e0000 - 0x00007ffb6c8e9000 	C:\Windows\SYSTEM32\WSOCK32.dll
0x00007ffbbd9c0000 - 0x00007ffbbda31000 	C:\Windows\System32\WS2_32.dll
0x00007ffbbb950000 - 0x00007ffbbb963000 	C:\Windows\SYSTEM32\UMPDC.dll
0x00007ffbbbbb0000 - 0x00007ffbbbbc8000 	C:\Windows\SYSTEM32\kernel.appcore.dll
0x00007ffb69c40000 - 0x00007ffb69c4a000 	C:\Users\aroda\.vscode\extensions\redhat.java-1.22.1-win32-x64\jre\17.0.8.1-win32-x86_64\bin\jimage.dll
0x00007ffba7930000 - 0x00007ffba7b5e000 	C:\Windows\SYSTEM32\DBGHELP.DLL
0x00007ffbbe140000 - 0x00007ffbbe4ca000 	C:\Windows\System32\combase.dll
0x00007ffbbe7f0000 - 0x00007ffbbe8c7000 	C:\Windows\System32\OLEAUT32.dll
0x00007ffba0580000 - 0x00007ffba05b2000 	C:\Windows\SYSTEM32\dbgcore.DLL
0x00007ffbbccc0000 - 0x00007ffbbcd3a000 	C:\Windows\System32\bcryptPrimitives.dll
0x00007ffb437f0000 - 0x00007ffb43815000 	C:\Users\aroda\.vscode\extensions\redhat.java-1.22.1-win32-x64\jre\17.0.8.1-win32-x86_64\bin\java.dll
0x00007ffb437d0000 - 0x00007ffb437e8000 	C:\Users\aroda\.vscode\extensions\redhat.java-1.22.1-win32-x64\jre\17.0.8.1-win32-x86_64\bin\zip.dll
0x00007ffbbed40000 - 0x00007ffbbf563000 	C:\Windows\System32\SHELL32.dll
0x00007ffbbaa50000 - 0x00007ffbbb33a000 	C:\Windows\SYSTEM32\windows.storage.dll
0x00007ffbba910000 - 0x00007ffbbaa4e000 	C:\Windows\SYSTEM32\wintypes.dll
0x00007ffbbe6f0000 - 0x00007ffbbe7e3000 	C:\Windows\System32\SHCORE.dll
0x00007ffbbec80000 - 0x00007ffbbecde000 	C:\Windows\System32\shlwapi.dll
0x00007ffbbca30000 - 0x00007ffbbca56000 	C:\Windows\SYSTEM32\profapi.dll
0x00007ffb43a10000 - 0x00007ffb43a29000 	C:\Users\aroda\.vscode\extensions\redhat.java-1.22.1-win32-x64\jre\17.0.8.1-win32-x86_64\bin\net.dll
0x00007ffbb6bd0000 - 0x00007ffbb6d07000 	C:\Windows\SYSTEM32\WINHTTP.dll
0x00007ffbbc070000 - 0x00007ffbbc0d9000 	C:\Windows\system32\mswsock.dll
0x00007ffb439f0000 - 0x00007ffb43a05000 	C:\Users\aroda\.vscode\extensions\redhat.java-1.22.1-win32-x64\jre\17.0.8.1-win32-x86_64\bin\nio.dll
0x00007ffb8ba00000 - 0x00007ffb8ba09000 	C:\Users\aroda\.vscode\extensions\redhat.java-1.22.1-win32-x64\jre\17.0.8.1-win32-x86_64\bin\management.dll
0x00007ffb7a740000 - 0x00007ffb7a74b000 	C:\Users\aroda\.vscode\extensions\redhat.java-1.22.1-win32-x64\jre\17.0.8.1-win32-x86_64\bin\management_ext.dll
0x00007ffbbed10000 - 0x00007ffbbed18000 	C:\Windows\System32\PSAPI.DLL
0x00007ffbbc390000 - 0x00007ffbbc3ab000 	C:\Windows\SYSTEM32\CRYPTSP.dll
0x00007ffbbbb70000 - 0x00007ffbbbba5000 	C:\Windows\system32\rsaenh.dll
0x00007ffbbc110000 - 0x00007ffbbc13c000 	C:\Windows\SYSTEM32\USERENV.dll
0x00007ffbbc4b0000 - 0x00007ffbbc4d8000 	C:\Windows\SYSTEM32\bcrypt.dll
0x00007ffbbc370000 - 0x00007ffbbc37c000 	C:\Windows\SYSTEM32\CRYPTBASE.dll
0x00007ffbbb610000 - 0x00007ffbbb63d000 	C:\Windows\SYSTEM32\IPHLPAPI.DLL
0x00007ffbbd4e0000 - 0x00007ffbbd4e9000 	C:\Windows\System32\NSI.dll
0x00007ffbb6bb0000 - 0x00007ffbb6bc9000 	C:\Windows\SYSTEM32\dhcpcsvc6.DLL
0x00007ffbb6b90000 - 0x00007ffbb6baf000 	C:\Windows\SYSTEM32\dhcpcsvc.DLL
0x00007ffbbb680000 - 0x00007ffbbb772000 	C:\Windows\SYSTEM32\DNSAPI.dll
0x00007ffb7a730000 - 0x00007ffb7a73e000 	C:\Users\aroda\.vscode\extensions\redhat.java-1.22.1-win32-x64\jre\17.0.8.1-win32-x86_64\bin\sunmscapi.dll
0x00007ffbbcd40000 - 0x00007ffbbcea6000 	C:\Windows\System32\CRYPT32.dll
0x00007ffbbc480000 - 0x00007ffbbc4ae000 	C:\Windows\SYSTEM32\ncrypt.dll
0x00007ffbbc440000 - 0x00007ffbbc477000 	C:\Windows\SYSTEM32\NTASN1.dll
0x00007ffbb4e50000 - 0x00007ffbb4e5a000 	C:\Windows\System32\rasadhlp.dll
0x00007ffbb62b0000 - 0x00007ffbb6334000 	C:\Windows\System32\fwpuclnt.dll
0x00007ffb53450000 - 0x00007ffb53460000 	C:\Users\aroda\.vscode\extensions\redhat.java-1.22.1-win32-x64\jre\17.0.8.1-win32-x86_64\bin\verify.dll
0x00007ffb322d0000 - 0x00007ffb322d8000 	C:\Windows\system32\wshunix.dll

dbghelp: loaded successfully - version: 4.0.5 - missing functions: none
symbol engine: initialized successfully - sym options: 0x614 - pdb path: .;C:\Users\aroda\.vscode\extensions\redhat.java-1.22.1-win32-x64\jre\17.0.8.1-win32-x86_64\bin;C:\Windows\SYSTEM32;C:\Windows\WinSxS\amd64_microsoft.windows.common-controls_6595b64144ccf1df_6.0.22621.2215_none_270d72677387dfc3;C:\Users\aroda\.vscode\extensions\redhat.java-1.22.1-win32-x64\jre\17.0.8.1-win32-x86_64\bin\server

VM Arguments:
jvm_args: -XX:+ShowCodeDetailsInExceptionMessages 
java_command: pe.edu.upeu.asistencia.SysAsistenciaAnApplication
java_class_path (initial): C:\UPeU\ciclo 06\moviles\Moviles2023-2\SysAsistenciaAn\target\classes;C:\Users\aroda\.m2\repository\org\springframework\boot\spring-boot-starter-data-jpa\3.1.1\spring-boot-starter-data-jpa-3.1.1.jar;C:\Users\aroda\.m2\repository\org\springframework\boot\spring-boot-starter-aop\3.1.1\spring-boot-starter-aop-3.1.1.jar;C:\Users\aroda\.m2\repository\org\aspectj\aspectjweaver\1.9.19\aspectjweaver-1.9.19.jar;C:\Users\aroda\.m2\repository\org\springframework\boot\spring-boot-starter-jdbc\3.1.1\spring-boot-starter-jdbc-3.1.1.jar;C:\Users\aroda\.m2\repository\com\zaxxer\HikariCP\5.0.1\HikariCP-5.0.1.jar;C:\Users\aroda\.m2\repository\org\springframework\spring-jdbc\6.0.10\spring-jdbc-6.0.10.jar;C:\Users\aroda\.m2\repository\org\hibernate\orm\hibernate-core\6.2.5.Final\hibernate-core-6.2.5.Final.jar;C:\Users\aroda\.m2\repository\jakarta\persistence\jakarta.persistence-api\3.1.0\jakarta.persistence-api-3.1.0.jar;C:\Users\aroda\.m2\repository\jakarta\transaction\jakarta.transaction-api\2.0.1\jakarta.transaction-api-2.0.1.jar;C:\Users\aroda\.m2\repository\org\jboss\logging\jboss-logging\3.5.1.Final\jboss-logging-3.5.1.Final.jar;C:\Users\aroda\.m2\repository\org\hibernate\common\hibernate-commons-annotations\6.0.6.Final\hibernate-commons-annotations-6.0.6.Final.jar;C:\Users\aroda\.m2\repository\io\smallrye\jandex\3.0.5\jandex-3.0.5.jar;C:\Users\aroda\.m2\repository\com\fasterxml\classmate\1.5.1\classmate-1.5.1.jar;C:\Users\aroda\.m2\repository\net\bytebuddy\byte-buddy\1.14.5\byte-buddy-1.14.5.jar;C:\Users\aroda\.m2\repository\org\glassfish\jaxb\jaxb-runtime\4.0.3\jaxb-runtime-4.0.3.jar;C:\Users\aroda\.m2\repository\org\glassfish\jaxb\jaxb-core\4.0.3\jaxb-core-4.0.3.jar;C:\Users\aroda\.m2\repository\org\eclipse\angus\angus-activation\2.0.1\angus-activation-2.0.1.jar;C:\Users\aroda\.m2\repository\org\glassfish\jaxb\txw2\4.0.3\txw2-4.0.3.jar;C:\Users\aroda\.m2\repository\com\sun\istack\istack-commons-runtime\4.1.2\istack-commons-runtime-4.1.2.jar;C:\Users
Launcher Type: SUN_STANDARD

[Global flags]
     intx CICompilerCount                          = 4                                         {product} {ergonomic}
     uint ConcGCThreads                            = 3                                         {product} {ergonomic}
     uint G1ConcRefinementThreads                  = 10                                        {product} {ergonomic}
   size_t G1HeapRegionSize                         = 1048576                                   {product} {ergonomic}
    uintx GCDrainStackTargetSize                   = 64                                        {product} {ergonomic}
   size_t InitialHeapSize                          = 132120576                                 {product} {ergonomic}
   size_t MarkStackSize                            = 4194304                                   {product} {ergonomic}
   size_t MaxHeapSize                              = 2101346304                                {product} {ergonomic}
   size_t MaxNewSize                               = 1260388352                                {product} {ergonomic}
   size_t MinHeapDeltaBytes                        = 1048576                                   {product} {ergonomic}
   size_t MinHeapSize                              = 8388608                                   {product} {ergonomic}
    uintx NonNMethodCodeHeapSize                   = 5839372                                {pd product} {ergonomic}
    uintx NonProfiledCodeHeapSize                  = 122909434                              {pd product} {ergonomic}
    uintx ProfiledCodeHeapSize                     = 122909434                              {pd product} {ergonomic}
    uintx ReservedCodeCacheSize                    = 251658240                              {pd product} {ergonomic}
     bool SegmentedCodeCache                       = true                                      {product} {ergonomic}
     bool ShowCodeDetailsInExceptionMessages       = true                                   {manageable} {command line}
   size_t SoftMaxHeapSize                          = 2101346304                             {manageable} {ergonomic}
     bool UseCompressedClassPointers               = true                           {product lp64_product} {ergonomic}
     bool UseCompressedOops                        = true                           {product lp64_product} {ergonomic}
     bool UseG1GC                                  = true                                      {product} {ergonomic}
     bool UseLargePagesIndividualAllocation        = false                                  {pd product} {ergonomic}

Logging:
Log output configuration:
 #0: stdout all=warning uptime,level,tags
 #1: stderr all=off uptime,level,tags

Environment Variables:
PATH=C:\Program Files\Common Files\Oracle\Java\javapath;C:\Program Files (x86)\Common Files\Oracle\Java\javapath;C:\Windows\system32;C:\Windows;C:\Windows\System32\Wbem;C:\Windows\System32\WindowsPowerShell\v1.0\;C:\Windows\System32\OpenSSH\;C:\Program Files\NVIDIA Corporation\NVIDIA NvDLISR;C:\Program Files (x86)\NVIDIA Corporation\PhysX\Common;C:\Program Files\dotnet\;C:\Program Files\Git\cmd;C:\Program Files\Maven\apache-maven-3.9.4\bin;C:\Users\aroda\AppData\Local\Microsoft\WindowsApps;;C:\Users\aroda\AppData\Local\Programs\Microsoft VS Code\bin
USERNAME=aroda
LANG=es_ES.UTF-8
OS=Windows_NT
PROCESSOR_IDENTIFIER=Intel64 Family 6 Model 165 Stepping 2, GenuineIntel
TMP=C:\Users\aroda\AppData\Local\Temp
TEMP=C:\Users\aroda\AppData\Local\Temp



---------------  S Y S T E M  ---------------

OS:
 Windows 11 , 64 bit Build 22621 (10.0.22621.2215)
OS uptime: 0 days 12:51 hours
Hyper-V role detected

CPU: total 12 (initial active 12) (6 cores per cpu, 2 threads per core) family 6 model 165 stepping 2 microcode 0xe2, cx8, cmov, fxsr, ht, mmx, 3dnowpref, sse, sse2, sse3, ssse3, sse4.1, sse4.2, popcnt, lzcnt, tsc, tscinvbit, avx, avx2, aes, erms, clmul, bmi1, bmi2, adx, fma, vzeroupper, clflush, clflushopt, hv
Processor Information for all 12 processors :
  Max Mhz: 2496, Current Mhz: 2496, Mhz Limit: 2496

Memory: 4k page, system-wide physical 8013M (445M free)
TotalPageFile size 16205M (AvailPageFile size 18M)
current process WorkingSet (physical memory assigned to process): 386M, peak: 628M
current process commit charge ("private bytes"): 709M, peak: 712M

vm_info: OpenJDK 64-Bit Server VM (17.0.8.1+1) for windows-amd64 JRE (17.0.8.1+1), built on Aug 23 2023 15:29:17 by "admin" with MS VC++ 16.7 (VS2019)

END.
